{"/app/src/app.ts": {"path":"/app/src/app.ts","statementMap":{"0":{"start":{"line":1,"column":0},"end":{"line":1,"column":26}},"1":{"start":{"line":2,"column":0},"end":{"line":2,"column":47}},"2":{"start":{"line":3,"column":0},"end":{"line":3,"column":28}},"3":{"start":{"line":4,"column":0},"end":{"line":4,"column":43}},"4":{"start":{"line":5,"column":0},"end":{"line":5,"column":37}},"5":{"start":{"line":6,"column":0},"end":{"line":6,"column":47}},"6":{"start":{"line":7,"column":0},"end":{"line":7,"column":37}},"7":{"start":{"line":8,"column":0},"end":{"line":8,"column":51}},"8":{"start":{"line":9,"column":0},"end":{"line":9,"column":24}},"9":{"start":{"line":11,"column":25},"end":{"line":11,"column":34}},"10":{"start":{"line":12,"column":0},"end":{"line":12,"column":8}},"11":{"start":{"line":13,"column":0},"end":{"line":13,"column":24}},"12":{"start":{"line":14,"column":0},"end":{"line":14,"column":null}},"13":{"start":{"line":15,"column":0},"end":{"line":15,"column":null}},"14":{"start":{"line":16,"column":0},"end":{"line":16,"column":24}},"15":{"start":{"line":17,"column":0},"end":{"line":17,"column":34}},"16":{"start":{"line":18,"column":0},"end":{"line":18,"column":31}},"17":{"start":{"line":20,"column":0},"end":{"line":28,"column":2}},"18":{"start":{"line":30,"column":0},"end":{"line":30,"column":16}},"19":{"start":{"line":31,"column":0},"end":{"line":31,"column":22}},"20":{"start":{"line":33,"column":0},"end":{"line":33,"column":13}}},"fnMap":{},"branchMap":{},"s":{"0":0,"1":0,"2":0,"3":0,"4":0,"5":0,"6":0,"7":0,"8":0,"9":0,"10":0,"11":0,"12":0,"13":0,"14":0,"15":0,"16":0,"17":0,"18":0,"19":0,"20":0},"f":{},"b":{}}
,"/app/src/index.ts": {"path":"/app/src/index.ts","statementMap":{"0":{"start":{"line":3,"column":0},"end":{"line":3,"column":29}},"1":{"start":{"line":4,"column":0},"end":{"line":4,"column":24}},"2":{"start":{"line":5,"column":0},"end":{"line":5,"column":48}},"3":{"start":{"line":6,"column":0},"end":{"line":6,"column":32}},"4":{"start":{"line":7,"column":0},"end":{"line":7,"column":33}},"5":{"start":{"line":9,"column":0},"end":{"line":9,"column":16}},"6":{"start":{"line":10,"column":13},"end":{"line":10,"column":37}},"7":{"start":{"line":11,"column":19},"end":{"line":11,"column":41}},"8":{"start":{"line":12,"column":0},"end":{"line":12,"column":26}},"9":{"start":{"line":13,"column":0},"end":{"line":16,"column":3}},"10":{"start":{"line":14,"column":4},"end":{"line":14,"column":82}},"11":{"start":{"line":15,"column":4},"end":{"line":15,"column":81}}},"fnMap":{"0":{"name":"(anonymous_7)","decl":{"start":{"line":13,"column":24},"end":{"line":13,"column":27}},"loc":{"start":{"line":13,"column":29},"end":{"line":16,"column":1}}}},"branchMap":{"0":{"loc":{"start":{"line":10,"column":13},"end":{"line":10,"column":37}},"type":"binary-expr","locations":[{"start":{"line":10,"column":13},"end":{"line":10,"column":29}},{"start":{"line":10,"column":33},"end":{"line":10,"column":37}}]}},"s":{"0":0,"1":0,"2":0,"3":0,"4":0,"5":0,"6":0,"7":0,"8":0,"9":0,"10":0,"11":0},"f":{"0":0},"b":{"0":[0,0]}}
,"/app/src/constants/voip.constants.ts": {"path":"/app/src/constants/voip.constants.ts","statementMap":{"0":{"start":{"line":1,"column":13},"end":{"line":18,"column":null}},"1":{"start":{"line":19,"column":13},"end":{"line":23,"column":null}},"2":{"start":{"line":25,"column":13},"end":{"line":49,"column":null}},"3":{"start":{"line":50,"column":13},"end":{"line":58,"column":null}},"4":{"start":{"line":60,"column":13},"end":{"line":60,"column":44}}},"fnMap":{},"branchMap":{},"s":{"0":0,"1":0,"2":0,"3":0,"4":0},"f":{},"b":{}}
,"/app/src/controllers/chat/chat.controller.ts": {"path":"/app/src/controllers/chat/chat.controller.ts","statementMap":{"0":{"start":{"line":2,"column":0},"end":{"line":2,"column":57}},"1":{"start":{"line":5,"column":0},"end":{"line":5,"column":74}},"2":{"start":{"line":6,"column":0},"end":{"line":6,"column":88}},"3":{"start":{"line":7,"column":0},"end":{"line":7,"column":47}},"4":{"start":{"line":8,"column":0},"end":{"line":8,"column":37}},"5":{"start":{"line":9,"column":0},"end":{"line":9,"column":53}},"6":{"start":{"line":12,"column":0},"end":{"line":204,"column":null}},"7":{"start":{"line":26,"column":8},"end":{"line":55,"column":null}},"8":{"start":{"line":29,"column":30},"end":{"line":29,"column":32}},"9":{"start":{"line":30,"column":12},"end":{"line":51,"column":null}},"10":{"start":{"line":31,"column":39},"end":{"line":31,"column":90}},"11":{"start":{"line":32,"column":16},"end":{"line":43,"column":null}},"12":{"start":{"line":33,"column":20},"end":{"line":36,"column":null}},"13":{"start":{"line":38,"column":20},"end":{"line":38,"column":242}},"14":{"start":{"line":39,"column":20},"end":{"line":42,"column":null}},"15":{"start":{"line":45,"column":29},"end":{"line":45,"column":78}},"16":{"start":{"line":46,"column":16},"end":{"line":50,"column":null}},"17":{"start":{"line":52,"column":12},"end":{"line":52,"column":26}},"18":{"start":{"line":54,"column":12},"end":{"line":54,"column":48}},"19":{"start":{"line":60,"column":8},"end":{"line":79,"column":null}},"20":{"start":{"line":61,"column":30},"end":{"line":61,"column":32}},"21":{"start":{"line":62,"column":26},"end":{"line":62,"column":72}},"22":{"start":{"line":63,"column":12},"end":{"line":75,"column":null}},"23":{"start":{"line":64,"column":16},"end":{"line":67,"column":null}},"24":{"start":{"line":69,"column":16},"end":{"line":74,"column":null}},"25":{"start":{"line":76,"column":12},"end":{"line":76,"column":26}},"26":{"start":{"line":78,"column":12},"end":{"line":78,"column":48}},"27":{"start":{"line":84,"column":8},"end":{"line":104,"column":null}},"28":{"start":{"line":85,"column":30},"end":{"line":85,"column":32}},"29":{"start":{"line":86,"column":26},"end":{"line":86,"column":69}},"30":{"start":{"line":87,"column":12},"end":{"line":100,"column":null}},"31":{"start":{"line":88,"column":16},"end":{"line":92,"column":null}},"32":{"start":{"line":94,"column":16},"end":{"line":99,"column":null}},"33":{"start":{"line":101,"column":12},"end":{"line":101,"column":26}},"34":{"start":{"line":103,"column":12},"end":{"line":103,"column":48}},"35":{"start":{"line":110,"column":8},"end":{"line":139,"column":null}},"36":{"start":{"line":111,"column":54},"end":{"line":111,"column":63}},"37":{"start":{"line":112,"column":30},"end":{"line":112,"column":32}},"38":{"start":{"line":113,"column":35},"end":{"line":113,"column":86}},"39":{"start":{"line":114,"column":12},"end":{"line":135,"column":null}},"40":{"start":{"line":115,"column":16},"end":{"line":118,"column":null}},"41":{"start":{"line":119,"column":19},"end":{"line":135,"column":null}},"42":{"start":{"line":120,"column":16},"end":{"line":123,"column":null}},"43":{"start":{"line":125,"column":39},"end":{"line":125,"column":114}},"44":{"start":{"line":125,"column":88},"end":{"line":125,"column":113}},"45":{"start":{"line":126,"column":16},"end":{"line":134,"column":null}},"46":{"start":{"line":127,"column":53},"end":{"line":127,"column":177}},"47":{"start":{"line":128,"column":20},"end":{"line":128,"column":133}},"48":{"start":{"line":128,"column":66},"end":{"line":128,"column":78}},"49":{"start":{"line":129,"column":20},"end":{"line":129,"column":111}},"50":{"start":{"line":130,"column":20},"end":{"line":133,"column":null}},"51":{"start":{"line":134,"column":23},"end":{"line":134,"column":null}},"52":{"start":{"line":136,"column":12},"end":{"line":136,"column":26}},"53":{"start":{"line":138,"column":12},"end":{"line":138,"column":48}},"54":{"start":{"line":148,"column":8},"end":{"line":171,"column":null}},"55":{"start":{"line":149,"column":34},"end":{"line":149,"column":43}},"56":{"start":{"line":150,"column":42},"end":{"line":150,"column":47}},"57":{"start":{"line":151,"column":30},"end":{"line":151,"column":32}},"58":{"start":{"line":152,"column":35},"end":{"line":152,"column":80}},"59":{"start":{"line":153,"column":12},"end":{"line":167,"column":null}},"60":{"start":{"line":154,"column":16},"end":{"line":157,"column":null}},"61":{"start":{"line":159,"column":16},"end":{"line":159,"column":102}},"62":{"start":{"line":163,"column":16},"end":{"line":166,"column":null}},"63":{"start":{"line":168,"column":12},"end":{"line":168,"column":26}},"64":{"start":{"line":170,"column":12},"end":{"line":170,"column":48}},"65":{"start":{"line":177,"column":8},"end":{"line":202,"column":null}},"66":{"start":{"line":178,"column":34},"end":{"line":178,"column":43}},"67":{"start":{"line":179,"column":30},"end":{"line":179,"column":32}},"68":{"start":{"line":180,"column":35},"end":{"line":180,"column":86}},"69":{"start":{"line":181,"column":12},"end":{"line":198,"column":null}},"70":{"start":{"line":182,"column":16},"end":{"line":185,"column":null}},"71":{"start":{"line":188,"column":39},"end":{"line":188,"column":114}},"72":{"start":{"line":188,"column":88},"end":{"line":188,"column":113}},"73":{"start":{"line":189,"column":16},"end":{"line":197,"column":null}},"74":{"start":{"line":190,"column":20},"end":{"line":190,"column":105}},"75":{"start":{"line":191,"column":53},"end":{"line":191,"column":187}},"76":{"start":{"line":192,"column":20},"end":{"line":192,"column":131}},"77":{"start":{"line":192,"column":66},"end":{"line":192,"column":78}},"78":{"start":{"line":193,"column":20},"end":{"line":196,"column":null}},"79":{"start":{"line":197,"column":23},"end":{"line":197,"column":null}},"80":{"start":{"line":199,"column":12},"end":{"line":199,"column":26}},"81":{"start":{"line":201,"column":12},"end":{"line":201,"column":48}},"82":{"start":{"line":25,"column":17},"end":{"line":56,"column":null}},"83":{"start":{"line":59,"column":17},"end":{"line":80,"column":null}},"84":{"start":{"line":83,"column":17},"end":{"line":105,"column":null}},"85":{"start":{"line":109,"column":17},"end":{"line":140,"column":null}},"86":{"start":{"line":147,"column":17},"end":{"line":172,"column":null}},"87":{"start":{"line":176,"column":17},"end":{"line":203,"column":null}},"88":{"start":{"line":12,"column":6},"end":{"line":204,"column":null}},"89":{"start":{"line":206,"column":0},"end":{"line":206,"column":36}}},"fnMap":{"0":{"name":"(anonymous_12)","decl":{"start":{"line":25,"column":17},"end":{"line":25,"column":30}},"loc":{"start":{"line":25,"column":103},"end":{"line":56,"column":null}}},"1":{"name":"(anonymous_14)","decl":{"start":{"line":59,"column":17},"end":{"line":59,"column":27}},"loc":{"start":{"line":59,"column":59},"end":{"line":80,"column":null}}},"2":{"name":"(anonymous_16)","decl":{"start":{"line":83,"column":17},"end":{"line":83,"column":24}},"loc":{"start":{"line":83,"column":56},"end":{"line":105,"column":null}}},"3":{"name":"(anonymous_18)","decl":{"start":{"line":109,"column":17},"end":{"line":109,"column":23}},"loc":{"start":{"line":109,"column":83},"end":{"line":140,"column":null}}},"4":{"name":"(anonymous_20)","decl":{"start":{"line":125,"column":65},"end":{"line":125,"column":66}},"loc":{"start":{"line":125,"column":88},"end":{"line":125,"column":113}}},"5":{"name":"(anonymous_21)","decl":{"start":{"line":128,"column":60},"end":{"line":128,"column":62}},"loc":{"start":{"line":128,"column":66},"end":{"line":128,"column":78}}},"6":{"name":"(anonymous_22)","decl":{"start":{"line":147,"column":17},"end":{"line":147,"column":25}},"loc":{"start":{"line":147,"column":87},"end":{"line":172,"column":null}}},"7":{"name":"(anonymous_24)","decl":{"start":{"line":176,"column":17},"end":{"line":176,"column":27}},"loc":{"start":{"line":176,"column":86},"end":{"line":203,"column":null}}},"8":{"name":"(anonymous_26)","decl":{"start":{"line":188,"column":65},"end":{"line":188,"column":66}},"loc":{"start":{"line":188,"column":88},"end":{"line":188,"column":113}}},"9":{"name":"(anonymous_27)","decl":{"start":{"line":192,"column":60},"end":{"line":192,"column":62}},"loc":{"start":{"line":192,"column":66},"end":{"line":192,"column":78}}}},"branchMap":{"0":{"loc":{"start":{"line":30,"column":12},"end":{"line":51,"column":null}},"type":"if","locations":[{"start":{"line":30,"column":12},"end":{"line":51,"column":null}},{"start":{"line":44,"column":19},"end":{"line":51,"column":null}}]},"1":{"loc":{"start":{"line":32,"column":16},"end":{"line":43,"column":null}},"type":"if","locations":[{"start":{"line":32,"column":16},"end":{"line":43,"column":null}},{"start":{"line":37,"column":23},"end":{"line":43,"column":null}}]},"2":{"loc":{"start":{"line":38,"column":123},"end":{"line":38,"column":143}},"type":"cond-expr","locations":[{"start":{"line":38,"column":137},"end":{"line":38,"column":139}},{"start":{"line":38,"column":137},"end":{"line":38,"column":143}}]},"3":{"loc":{"start":{"line":38,"column":123},"end":{"line":38,"column":139}},"type":"binary-expr","locations":[{"start":{"line":38,"column":123},"end":{"line":38,"column":139}},{"start":{"line":38,"column":137},"end":{"line":38,"column":139}}]},"4":{"loc":{"start":{"line":38,"column":123},"end":{"line":38,"column":137}},"type":"cond-expr","locations":[{"start":{"line":38,"column":128},"end":{"line":38,"column":130}},{"start":{"line":38,"column":123},"end":{"line":38,"column":137}}]},"5":{"loc":{"start":{"line":38,"column":123},"end":{"line":38,"column":130}},"type":"binary-expr","locations":[{"start":{"line":38,"column":123},"end":{"line":38,"column":130}},{"start":{"line":38,"column":123},"end":{"line":38,"column":130}}]},"6":{"loc":{"start":{"line":63,"column":12},"end":{"line":75,"column":null}},"type":"if","locations":[{"start":{"line":63,"column":12},"end":{"line":75,"column":null}},{"start":{"line":68,"column":19},"end":{"line":75,"column":null}}]},"7":{"loc":{"start":{"line":87,"column":12},"end":{"line":100,"column":null}},"type":"if","locations":[{"start":{"line":87,"column":12},"end":{"line":100,"column":null}},{"start":{"line":93,"column":19},"end":{"line":100,"column":null}}]},"8":{"loc":{"start":{"line":114,"column":12},"end":{"line":135,"column":null}},"type":"if","locations":[{"start":{"line":114,"column":12},"end":{"line":135,"column":null}},{"start":{"line":119,"column":19},"end":{"line":135,"column":null}}]},"9":{"loc":{"start":{"line":119,"column":19},"end":{"line":135,"column":null}},"type":"if","locations":[{"start":{"line":119,"column":19},"end":{"line":135,"column":null}},{"start":{"line":124,"column":19},"end":{"line":135,"column":null}}]},"10":{"loc":{"start":{"line":126,"column":16},"end":{"line":134,"column":null}},"type":"if","locations":[{"start":{"line":126,"column":16},"end":{"line":134,"column":null}},{"start":{"line":134,"column":23},"end":{"line":134,"column":null}}]},"11":{"loc":{"start":{"line":153,"column":12},"end":{"line":167,"column":null}},"type":"if","locations":[{"start":{"line":153,"column":12},"end":{"line":167,"column":null}},{"start":{"line":158,"column":19},"end":{"line":167,"column":null}}]},"12":{"loc":{"start":{"line":181,"column":12},"end":{"line":198,"column":null}},"type":"if","locations":[{"start":{"line":181,"column":12},"end":{"line":198,"column":null}},{"start":{"line":186,"column":19},"end":{"line":198,"column":null}}]},"13":{"loc":{"start":{"line":189,"column":16},"end":{"line":197,"column":null}},"type":"if","locations":[{"start":{"line":189,"column":16},"end":{"line":197,"column":null}},{"start":{"line":197,"column":23},"end":{"line":197,"column":null}}]}},"s":{"0":0,"1":0,"2":0,"3":0,"4":0,"5":0,"6":0,"7":0,"8":0,"9":0,"10":0,"11":0,"12":0,"13":0,"14":0,"15":0,"16":0,"17":0,"18":0,"19":0,"20":0,"21":0,"22":0,"23":0,"24":0,"25":0,"26":0,"27":0,"28":0,"29":0,"30":0,"31":0,"32":0,"33":0,"34":0,"35":0,"36":0,"37":0,"38":0,"39":0,"40":0,"41":0,"42":0,"43":0,"44":0,"45":0,"46":0,"47":0,"48":0,"49":0,"50":0,"51":0,"52":0,"53":0,"54":0,"55":0,"56":0,"57":0,"58":0,"59":0,"60":0,"61":0,"62":0,"63":0,"64":0,"65":0,"66":0,"67":0,"68":0,"69":0,"70":0,"71":0,"72":0,"73":0,"74":0,"75":0,"76":0,"77":0,"78":0,"79":0,"80":0,"81":0,"82":0,"83":0,"84":0,"85":0,"86":0,"87":0,"88":0,"89":0},"f":{"0":0,"1":0,"2":0,"3":0,"4":0,"5":0,"6":0,"7":0,"8":0,"9":0},"b":{"0":[0,0],"1":[0,0],"2":[0,0],"3":[0,0],"4":[0,0],"5":[0,0],"6":[0,0],"7":[0,0],"8":[0,0],"9":[0,0],"10":[0,0],"11":[0,0],"12":[0,0],"13":[0,0]}}
,"/app/src/controllers/chat/index.ts": {"path":"/app/src/controllers/chat/index.ts","statementMap":{"0":{"start":{"line":1,"column":0},"end":{"line":1,"column":9}},"1":{"start":{"line":1,"column":9},"end":{"line":1,"column":44}}},"fnMap":{"0":{"name":"(anonymous_1)","decl":{"start":{"line":1,"column":9},"end":{"line":1,"column":16}},"loc":{"start":{"line":1,"column":9},"end":{"line":1,"column":44}}}},"branchMap":{},"s":{"0":0,"1":0},"f":{"0":0},"b":{}}
,"/app/src/controllers/company/company.controller.ts": {"path":"/app/src/controllers/company/company.controller.ts","statementMap":{"0":{"start":{"line":1,"column":0},"end":{"line":1,"column":57}},"1":{"start":{"line":3,"column":0},"end":{"line":3,"column":64}},"2":{"start":{"line":4,"column":0},"end":{"line":4,"column":76}},"3":{"start":{"line":5,"column":0},"end":{"line":5,"column":53}},"4":{"start":{"line":7,"column":0},"end":{"line":7,"column":56}},"5":{"start":{"line":8,"column":16},"end":{"line":8,"column":21}},"6":{"start":{"line":9,"column":78},"end":{"line":9,"column":89}},"7":{"start":{"line":12,"column":0},"end":{"line":75,"column":null}},"8":{"start":{"line":15,"column":8},"end":{"line":37,"column":null}},"9":{"start":{"line":16,"column":30},"end":{"line":16,"column":32}},"10":{"start":{"line":17,"column":28},"end":{"line":17,"column":63}},"11":{"start":{"line":18,"column":12},"end":{"line":33,"column":null}},"12":{"start":{"line":19,"column":16},"end":{"line":22,"column":null}},"13":{"start":{"line":24,"column":29},"end":{"line":24,"column":67}},"14":{"start":{"line":25,"column":34},"end":{"line":25,"column":130}},"15":{"start":{"line":26,"column":16},"end":{"line":32,"column":18}},"16":{"start":{"line":34,"column":12},"end":{"line":34,"column":26}},"17":{"start":{"line":36,"column":12},"end":{"line":36,"column":48}},"18":{"start":{"line":45,"column":8},"end":{"line":73,"column":null}},"19":{"start":{"line":46,"column":85},"end":{"line":46,"column":115}},"20":{"start":{"line":47,"column":25},"end":{"line":47,"column":27}},"21":{"start":{"line":48,"column":12},"end":{"line":69,"column":null}},"22":{"start":{"line":49,"column":16},"end":{"line":52,"column":18}},"23":{"start":{"line":54,"column":17},"end":{"line":69,"column":null}},"24":{"start":{"line":55,"column":16},"end":{"line":58,"column":18}},"25":{"start":{"line":60,"column":34},"end":{"line":60,"column":156}},"26":{"start":{"line":61,"column":16},"end":{"line":68,"column":18}},"27":{"start":{"line":70,"column":12},"end":{"line":70,"column":null}},"28":{"start":{"line":72,"column":12},"end":{"line":72,"column":48}},"29":{"start":{"line":14,"column":17},"end":{"line":38,"column":null}},"30":{"start":{"line":44,"column":17},"end":{"line":74,"column":null}},"31":{"start":{"line":12,"column":6},"end":{"line":75,"column":null}},"32":{"start":{"line":77,"column":0},"end":{"line":77,"column":39}}},"fnMap":{"0":{"name":"(anonymous_12)","decl":{"start":{"line":14,"column":17},"end":{"line":14,"column":33}},"loc":{"start":{"line":14,"column":71},"end":{"line":38,"column":null}}},"1":{"name":"(anonymous_14)","decl":{"start":{"line":44,"column":17},"end":{"line":44,"column":30}},"loc":{"start":{"line":44,"column":65},"end":{"line":74,"column":null}}}},"branchMap":{"0":{"loc":{"start":{"line":18,"column":12},"end":{"line":33,"column":null}},"type":"if","locations":[{"start":{"line":18,"column":12},"end":{"line":33,"column":null}},{"start":{"line":23,"column":19},"end":{"line":33,"column":null}}]},"1":{"loc":{"start":{"line":48,"column":12},"end":{"line":69,"column":null}},"type":"if","locations":[{"start":{"line":48,"column":12},"end":{"line":69,"column":null}},{"start":{"line":54,"column":17},"end":{"line":69,"column":null}}]},"2":{"loc":{"start":{"line":54,"column":17},"end":{"line":69,"column":null}},"type":"if","locations":[{"start":{"line":54,"column":17},"end":{"line":69,"column":null}},{"start":{"line":59,"column":19},"end":{"line":69,"column":null}}]}},"s":{"0":0,"1":0,"2":0,"3":0,"4":0,"5":0,"6":0,"7":0,"8":0,"9":0,"10":0,"11":0,"12":0,"13":0,"14":0,"15":0,"16":0,"17":0,"18":0,"19":0,"20":0,"21":0,"22":0,"23":0,"24":0,"25":0,"26":0,"27":0,"28":0,"29":0,"30":0,"31":0,"32":0},"f":{"0":0,"1":0},"b":{"0":[0,0],"1":[0,0],"2":[0,0]}}
,"/app/src/controllers/company/index.ts": {"path":"/app/src/controllers/company/index.ts","statementMap":{"0":{"start":{"line":1,"column":0},"end":{"line":1,"column":9}},"1":{"start":{"line":1,"column":9},"end":{"line":1,"column":47}}},"fnMap":{"0":{"name":"(anonymous_1)","decl":{"start":{"line":1,"column":9},"end":{"line":1,"column":16}},"loc":{"start":{"line":1,"column":9},"end":{"line":1,"column":47}}}},"branchMap":{},"s":{"0":0,"1":0},"f":{"0":0},"b":{}}
,"/app/src/controllers/enum/enum.controller.ts": {"path":"/app/src/controllers/enum/enum.controller.ts","statementMap":{"0":{"start":{"line":1,"column":0},"end":{"line":1,"column":42}},"1":{"start":{"line":3,"column":0},"end":{"line":3,"column":74}},"2":{"start":{"line":4,"column":0},"end":{"line":4,"column":40}},"3":{"start":{"line":7,"column":0},"end":{"line":25,"column":null}},"4":{"start":{"line":10,"column":8},"end":{"line":23,"column":null}},"5":{"start":{"line":11,"column":37},"end":{"line":11,"column":39}},"6":{"start":{"line":12,"column":27},"end":{"line":12,"column":56}},"7":{"start":{"line":13,"column":12},"end":{"line":19,"column":null}},"8":{"start":{"line":13,"column":29},"end":{"line":13,"column":30}},"9":{"start":{"line":14,"column":32},"end":{"line":14,"column":48}},"10":{"start":{"line":15,"column":16},"end":{"line":18,"column":null}},"11":{"start":{"line":20,"column":12},"end":{"line":20,"column":30}},"12":{"start":{"line":22,"column":12},"end":{"line":22,"column":48}},"13":{"start":{"line":8,"column":4},"end":{"line":24,"column":null}},"14":{"start":{"line":7,"column":6},"end":{"line":25,"column":null}},"15":{"start":{"line":27,"column":0},"end":{"line":27,"column":36}}},"fnMap":{"0":{"name":"(anonymous_2)","decl":{"start":{"line":9,"column":11},"end":{"line":9,"column":20}},"loc":{"start":{"line":9,"column":20},"end":{"line":24,"column":5}}}},"branchMap":{},"s":{"0":0,"1":0,"2":0,"3":0,"4":0,"5":0,"6":0,"7":0,"8":0,"9":0,"10":0,"11":0,"12":0,"13":0,"14":0,"15":0},"f":{"0":0},"b":{}}
,"/app/src/controllers/enum/index.ts": {"path":"/app/src/controllers/enum/index.ts","statementMap":{"0":{"start":{"line":1,"column":0},"end":{"line":1,"column":9}},"1":{"start":{"line":1,"column":9},"end":{"line":1,"column":44}}},"fnMap":{"0":{"name":"(anonymous_1)","decl":{"start":{"line":1,"column":9},"end":{"line":1,"column":16}},"loc":{"start":{"line":1,"column":9},"end":{"line":1,"column":44}}}},"branchMap":{},"s":{"0":0,"1":0},"f":{"0":0},"b":{}}
,"/app/src/controllers/issue/index.ts": {"path":"/app/src/controllers/issue/index.ts","statementMap":{"0":{"start":{"line":1,"column":0},"end":{"line":1,"column":9}},"1":{"start":{"line":1,"column":9},"end":{"line":1,"column":45}}},"fnMap":{"0":{"name":"(anonymous_1)","decl":{"start":{"line":1,"column":9},"end":{"line":1,"column":16}},"loc":{"start":{"line":1,"column":9},"end":{"line":1,"column":45}}}},"branchMap":{},"s":{"0":0,"1":0},"f":{"0":0},"b":{}}
,"/app/src/controllers/issue/issue.controller.ts": {"path":"/app/src/controllers/issue/issue.controller.ts","statementMap":{"0":{"start":{"line":2,"column":0},"end":{"line":2,"column":55}},"1":{"start":{"line":4,"column":0},"end":{"line":4,"column":74}},"2":{"start":{"line":5,"column":0},"end":{"line":5,"column":80}},"3":{"start":{"line":6,"column":0},"end":{"line":6,"column":49}},"4":{"start":{"line":9,"column":0},"end":{"line":70,"column":null}},"5":{"start":{"line":18,"column":8},"end":{"line":45,"column":null}},"6":{"start":{"line":19,"column":30},"end":{"line":19,"column":32}},"7":{"start":{"line":20,"column":12},"end":{"line":41,"column":null}},"8":{"start":{"line":21,"column":41},"end":{"line":21,"column":96}},"9":{"start":{"line":22,"column":16},"end":{"line":33,"column":null}},"10":{"start":{"line":23,"column":20},"end":{"line":26,"column":null}},"11":{"start":{"line":28,"column":20},"end":{"line":28,"column":73}},"12":{"start":{"line":29,"column":20},"end":{"line":32,"column":null}},"13":{"start":{"line":35,"column":30},"end":{"line":35,"column":82}},"14":{"start":{"line":36,"column":16},"end":{"line":40,"column":null}},"15":{"start":{"line":42,"column":12},"end":{"line":42,"column":26}},"16":{"start":{"line":44,"column":12},"end":{"line":44,"column":48}},"17":{"start":{"line":50,"column":8},"end":{"line":68,"column":null}},"18":{"start":{"line":51,"column":30},"end":{"line":51,"column":32}},"19":{"start":{"line":52,"column":27},"end":{"line":52,"column":63}},"20":{"start":{"line":53,"column":12},"end":{"line":64,"column":null}},"21":{"start":{"line":54,"column":16},"end":{"line":57,"column":null}},"22":{"start":{"line":59,"column":16},"end":{"line":63,"column":null}},"23":{"start":{"line":65,"column":12},"end":{"line":65,"column":26}},"24":{"start":{"line":67,"column":12},"end":{"line":67,"column":48}},"25":{"start":{"line":17,"column":17},"end":{"line":46,"column":null}},"26":{"start":{"line":49,"column":17},"end":{"line":69,"column":null}},"27":{"start":{"line":9,"column":6},"end":{"line":70,"column":null}},"28":{"start":{"line":72,"column":0},"end":{"line":72,"column":37}}},"fnMap":{"0":{"name":"(anonymous_12)","decl":{"start":{"line":17,"column":17},"end":{"line":17,"column":30}},"loc":{"start":{"line":17,"column":93},"end":{"line":46,"column":null}}},"1":{"name":"(anonymous_14)","decl":{"start":{"line":49,"column":17},"end":{"line":49,"column":27}},"loc":{"start":{"line":49,"column":27},"end":{"line":69,"column":null}}}},"branchMap":{"0":{"loc":{"start":{"line":20,"column":12},"end":{"line":41,"column":null}},"type":"if","locations":[{"start":{"line":20,"column":12},"end":{"line":41,"column":null}},{"start":{"line":34,"column":19},"end":{"line":41,"column":null}}]},"1":{"loc":{"start":{"line":22,"column":16},"end":{"line":33,"column":null}},"type":"if","locations":[{"start":{"line":22,"column":16},"end":{"line":33,"column":null}},{"start":{"line":27,"column":23},"end":{"line":33,"column":null}}]},"2":{"loc":{"start":{"line":53,"column":12},"end":{"line":64,"column":null}},"type":"if","locations":[{"start":{"line":53,"column":12},"end":{"line":64,"column":null}},{"start":{"line":58,"column":19},"end":{"line":64,"column":null}}]}},"s":{"0":0,"1":0,"2":0,"3":0,"4":0,"5":0,"6":0,"7":0,"8":0,"9":0,"10":0,"11":0,"12":0,"13":0,"14":0,"15":0,"16":0,"17":0,"18":0,"19":0,"20":0,"21":0,"22":0,"23":0,"24":0,"25":0,"26":0,"27":0,"28":0},"f":{"0":0,"1":0},"b":{"0":[0,0],"1":[0,0],"2":[0,0]}}
,"/app/src/controllers/user/index.ts": {"path":"/app/src/controllers/user/index.ts","statementMap":{"0":{"start":{"line":1,"column":0},"end":{"line":1,"column":9}},"1":{"start":{"line":1,"column":9},"end":{"line":1,"column":44}}},"fnMap":{"0":{"name":"(anonymous_1)","decl":{"start":{"line":1,"column":9},"end":{"line":1,"column":16}},"loc":{"start":{"line":1,"column":9},"end":{"line":1,"column":44}}}},"branchMap":{},"s":{"0":0,"1":0},"f":{"0":0},"b":{}}
,"/app/src/controllers/user/user.controller.ts": {"path":"/app/src/controllers/user/user.controller.ts","statementMap":{"0":{"start":{"line":1,"column":0},"end":{"line":1,"column":57}},"1":{"start":{"line":4,"column":0},"end":{"line":4,"column":62}},"2":{"start":{"line":5,"column":0},"end":{"line":5,"column":74}},"3":{"start":{"line":7,"column":0},"end":{"line":7,"column":75}},"4":{"start":{"line":8,"column":0},"end":{"line":8,"column":47}},"5":{"start":{"line":9,"column":90},"end":{"line":9,"column":98}},"6":{"start":{"line":12,"column":0},"end":{"line":107,"column":null}},"7":{"start":{"line":17,"column":8},"end":{"line":39,"column":null}},"8":{"start":{"line":18,"column":40},"end":{"line":18,"column":42}},"9":{"start":{"line":19,"column":28},"end":{"line":19,"column":69}},"10":{"start":{"line":20,"column":12},"end":{"line":35,"column":null}},"11":{"start":{"line":21,"column":16},"end":{"line":24,"column":null}},"12":{"start":{"line":26,"column":29},"end":{"line":26,"column":80}},"13":{"start":{"line":27,"column":34},"end":{"line":27,"column":124}},"14":{"start":{"line":28,"column":16},"end":{"line":34,"column":18}},"15":{"start":{"line":36,"column":12},"end":{"line":36,"column":26}},"16":{"start":{"line":38,"column":12},"end":{"line":38,"column":48}},"17":{"start":{"line":47,"column":8},"end":{"line":76,"column":null}},"18":{"start":{"line":48,"column":57},"end":{"line":48,"column":84}},"19":{"start":{"line":49,"column":114},"end":{"line":49,"column":122}},"20":{"start":{"line":50,"column":25},"end":{"line":50,"column":27}},"21":{"start":{"line":51,"column":28},"end":{"line":51,"column":31}},"22":{"start":{"line":52,"column":12},"end":{"line":72,"column":null}},"23":{"start":{"line":53,"column":16},"end":{"line":56,"column":18}},"24":{"start":{"line":58,"column":17},"end":{"line":72,"column":null}},"25":{"start":{"line":59,"column":16},"end":{"line":62,"column":18}},"26":{"start":{"line":64,"column":34},"end":{"line":64,"column":206}},"27":{"start":{"line":65,"column":16},"end":{"line":71,"column":18}},"28":{"start":{"line":73,"column":12},"end":{"line":73,"column":null}},"29":{"start":{"line":75,"column":12},"end":{"line":75,"column":48}},"30":{"start":{"line":87,"column":8},"end":{"line":105,"column":null}},"31":{"start":{"line":88,"column":40},"end":{"line":88,"column":42}},"32":{"start":{"line":89,"column":32},"end":{"line":89,"column":78}},"33":{"start":{"line":90,"column":12},"end":{"line":101,"column":null}},"34":{"start":{"line":91,"column":16},"end":{"line":94,"column":18}},"35":{"start":{"line":96,"column":16},"end":{"line":96,"column":64}},"36":{"start":{"line":97,"column":16},"end":{"line":100,"column":18}},"37":{"start":{"line":102,"column":12},"end":{"line":102,"column":26}},"38":{"start":{"line":104,"column":12},"end":{"line":104,"column":48}},"39":{"start":{"line":16,"column":17},"end":{"line":40,"column":null}},"40":{"start":{"line":46,"column":17},"end":{"line":77,"column":null}},"41":{"start":{"line":86,"column":17},"end":{"line":106,"column":null}},"42":{"start":{"line":12,"column":6},"end":{"line":107,"column":null}},"43":{"start":{"line":109,"column":0},"end":{"line":109,"column":39}}},"fnMap":{"0":{"name":"(anonymous_12)","decl":{"start":{"line":16,"column":17},"end":{"line":16,"column":30}},"loc":{"start":{"line":16,"column":104},"end":{"line":40,"column":null}}},"1":{"name":"(anonymous_14)","decl":{"start":{"line":46,"column":17},"end":{"line":46,"column":27}},"loc":{"start":{"line":46,"column":59},"end":{"line":77,"column":null}}},"2":{"name":"(anonymous_16)","decl":{"start":{"line":86,"column":17},"end":{"line":86,"column":36}},"loc":{"start":{"line":86,"column":103},"end":{"line":106,"column":null}}}},"branchMap":{"0":{"loc":{"start":{"line":20,"column":12},"end":{"line":35,"column":null}},"type":"if","locations":[{"start":{"line":20,"column":12},"end":{"line":35,"column":null}},{"start":{"line":25,"column":19},"end":{"line":35,"column":null}}]},"1":{"loc":{"start":{"line":52,"column":12},"end":{"line":72,"column":null}},"type":"if","locations":[{"start":{"line":52,"column":12},"end":{"line":72,"column":null}},{"start":{"line":58,"column":17},"end":{"line":72,"column":null}}]},"2":{"loc":{"start":{"line":58,"column":17},"end":{"line":72,"column":null}},"type":"if","locations":[{"start":{"line":58,"column":17},"end":{"line":72,"column":null}},{"start":{"line":63,"column":19},"end":{"line":72,"column":null}}]},"3":{"loc":{"start":{"line":90,"column":12},"end":{"line":101,"column":null}},"type":"if","locations":[{"start":{"line":90,"column":12},"end":{"line":101,"column":null}},{"start":{"line":95,"column":19},"end":{"line":101,"column":null}}]}},"s":{"0":0,"1":0,"2":0,"3":0,"4":0,"5":0,"6":0,"7":0,"8":0,"9":0,"10":0,"11":0,"12":0,"13":0,"14":0,"15":0,"16":0,"17":0,"18":0,"19":0,"20":0,"21":0,"22":0,"23":0,"24":0,"25":0,"26":0,"27":0,"28":0,"29":0,"30":0,"31":0,"32":0,"33":0,"34":0,"35":0,"36":0,"37":0,"38":0,"39":0,"40":0,"41":0,"42":0,"43":0},"f":{"0":0,"1":0,"2":0},"b":{"0":[0,0],"1":[0,0],"2":[0,0],"3":[0,0]}}
,"/app/src/db/models/chat/chat.db.model.ts": {"path":"/app/src/db/models/chat/chat.db.model.ts","statementMap":{"0":{"start":{"line":1,"column":0},"end":{"line":1,"column":44}},"1":{"start":{"line":2,"column":0},"end":{"line":2,"column":68}},"2":{"start":{"line":4,"column":31},"end":{"line":4,"column":46}},"3":{"start":{"line":5,"column":30},"end":{"line":46,"column":2}},"4":{"start":{"line":47,"column":27},"end":{"line":79,"column":2}},"5":{"start":{"line":80,"column":0},"end":{"line":80,"column":90}}},"fnMap":{},"branchMap":{},"s":{"0":0,"1":0,"2":0,"3":0,"4":0,"5":0},"f":{},"b":{}}
,"/app/src/db/models/chat/index.ts": {"path":"/app/src/db/models/chat/index.ts","statementMap":{"0":{"start":{"line":1,"column":0},"end":{"line":1,"column":9}},"1":{"start":{"line":1,"column":9},"end":{"line":1,"column":42}}},"fnMap":{"0":{"name":"(anonymous_1)","decl":{"start":{"line":1,"column":9},"end":{"line":1,"column":16}},"loc":{"start":{"line":1,"column":9},"end":{"line":1,"column":42}}}},"branchMap":{},"s":{"0":0,"1":0},"f":{"0":0},"b":{}}
,"/app/src/db/models/company/company.db.model.ts": {"path":"/app/src/db/models/company/company.db.model.ts","statementMap":{"0":{"start":{"line":1,"column":0},"end":{"line":1,"column":44}},"1":{"start":{"line":2,"column":0},"end":{"line":2,"column":75}},"2":{"start":{"line":4,"column":20},"end":{"line":4,"column":35}},"3":{"start":{"line":5,"column":20},"end":{"line":5,"column":58}},"4":{"start":{"line":5,"column":39},"end":{"line":5,"column":58}},"5":{"start":{"line":6,"column":36},"end":{"line":25,"column":2}},"6":{"start":{"line":26,"column":30},"end":{"line":69,"column":2}},"7":{"start":{"line":70,"column":0},"end":{"line":70,"column":102}}},"fnMap":{"0":{"name":"(anonymous_6)","decl":{"start":{"line":5,"column":20},"end":{"line":5,"column":21}},"loc":{"start":{"line":5,"column":39},"end":{"line":5,"column":58}}}},"branchMap":{},"s":{"0":0,"1":0,"2":0,"3":0,"4":0,"5":0,"6":0,"7":0},"f":{"0":0},"b":{}}
,"/app/src/db/models/company/index.ts": {"path":"/app/src/db/models/company/index.ts","statementMap":{"0":{"start":{"line":1,"column":0},"end":{"line":1,"column":9}},"1":{"start":{"line":1,"column":9},"end":{"line":1,"column":45}}},"fnMap":{"0":{"name":"(anonymous_1)","decl":{"start":{"line":1,"column":9},"end":{"line":1,"column":16}},"loc":{"start":{"line":1,"column":9},"end":{"line":1,"column":45}}}},"branchMap":{},"s":{"0":0,"1":0},"f":{"0":0},"b":{}}
,"/app/src/db/models/issues/index.ts": {"path":"/app/src/db/models/issues/index.ts","statementMap":{"0":{"start":{"line":1,"column":0},"end":{"line":1,"column":9}},"1":{"start":{"line":1,"column":9},"end":{"line":1,"column":43}}},"fnMap":{"0":{"name":"(anonymous_1)","decl":{"start":{"line":1,"column":9},"end":{"line":1,"column":16}},"loc":{"start":{"line":1,"column":9},"end":{"line":1,"column":43}}}},"branchMap":{},"s":{"0":0,"1":0},"f":{"0":0},"b":{}}
,"/app/src/db/models/issues/issue.db.model.ts": {"path":"/app/src/db/models/issues/issue.db.model.ts","statementMap":{"0":{"start":{"line":2,"column":0},"end":{"line":2,"column":44}},"1":{"start":{"line":3,"column":0},"end":{"line":3,"column":68}},"2":{"start":{"line":4,"column":19},"end":{"line":4,"column":34}},"3":{"start":{"line":5,"column":28},"end":{"line":22,"column":2}},"4":{"start":{"line":23,"column":0},"end":{"line":23,"column":96}}},"fnMap":{},"branchMap":{},"s":{"0":0,"1":0,"2":0,"3":0,"4":0},"f":{},"b":{}}
,"/app/src/db/models/user/index.ts": {"path":"/app/src/db/models/user/index.ts","statementMap":{"0":{"start":{"line":1,"column":0},"end":{"line":1,"column":9}},"1":{"start":{"line":1,"column":9},"end":{"line":1,"column":42}}},"fnMap":{"0":{"name":"(anonymous_1)","decl":{"start":{"line":1,"column":9},"end":{"line":1,"column":16}},"loc":{"start":{"line":1,"column":9},"end":{"line":1,"column":42}}}},"branchMap":{},"s":{"0":0,"1":0},"f":{"0":0},"b":{}}
,"/app/src/db/models/user/user.db.model.ts": {"path":"/app/src/db/models/user/user.db.model.ts","statementMap":{"0":{"start":{"line":1,"column":0},"end":{"line":1,"column":51}},"1":{"start":{"line":2,"column":0},"end":{"line":2,"column":44}},"2":{"start":{"line":3,"column":0},"end":{"line":3,"column":75}},"3":{"start":{"line":5,"column":32},"end":{"line":5,"column":47}},"4":{"start":{"line":6,"column":20},"end":{"line":6,"column":58}},"5":{"start":{"line":6,"column":39},"end":{"line":6,"column":58}},"6":{"start":{"line":7,"column":27},"end":{"line":84,"column":2}},"7":{"start":{"line":85,"column":0},"end":{"line":85,"column":90}}},"fnMap":{"0":{"name":"(anonymous_6)","decl":{"start":{"line":6,"column":20},"end":{"line":6,"column":21}},"loc":{"start":{"line":6,"column":39},"end":{"line":6,"column":58}}}},"branchMap":{},"s":{"0":0,"1":0,"2":0,"3":0,"4":0,"5":0,"6":0,"7":0},"f":{"0":0},"b":{}}
,"/app/src/enums/index.ts": {"path":"/app/src/enums/index.ts","statementMap":{"0":{"start":{"line":1,"column":0},"end":{"line":1,"column":null}},"1":{"start":{"line":2,"column":4},"end":{"line":2,"column":null}},"2":{"start":{"line":3,"column":4},"end":{"line":3,"column":null}},"3":{"start":{"line":4,"column":4},"end":{"line":4,"column":null}}},"fnMap":{"0":{"name":"(anonymous_0)","decl":{"start":{"line":1,"column":0},"end":{"line":1,"column":12}},"loc":{"start":{"line":1,"column":21},"end":{"line":5,"column":1}}}},"branchMap":{"0":{"loc":{"start":{"line":1,"column":12},"end":{"line":1,"column":null}},"type":"binary-expr","locations":[{"start":{"line":1,"column":12},"end":{"line":1,"column":21}},{"start":{"line":1,"column":12},"end":{"line":1,"column":null}}]}},"s":{"0":0,"1":0,"2":0,"3":0},"f":{"0":0},"b":{"0":[0,0]}}
,"/app/src/helpers/common/common.helper.ts": {"path":"/app/src/helpers/common/common.helper.ts","statementMap":{"0":{"start":{"line":2,"column":35},"end":{"line":2,"column":137}},"1":{"start":{"line":2,"column":49},"end":{"line":2,"column":137}},"2":{"start":{"line":2,"column":13},"end":{"line":2,"column":35}},"3":{"start":{"line":3,"column":43},"end":{"line":8,"column":1}},"4":{"start":{"line":4,"column":16},"end":{"line":4,"column":42}},"5":{"start":{"line":5,"column":17},"end":{"line":5,"column":54}},"6":{"start":{"line":6,"column":18},"end":{"line":6,"column":46}},"7":{"start":{"line":7,"column":4},"end":{"line":7,"column":50}},"8":{"start":{"line":3,"column":13},"end":{"line":3,"column":43}}},"fnMap":{"0":{"name":"(anonymous_0)","decl":{"start":{"line":2,"column":35},"end":{"line":2,"column":46}},"loc":{"start":{"line":2,"column":49},"end":{"line":2,"column":137}}},"1":{"name":"(anonymous_1)","decl":{"start":{"line":3,"column":43},"end":{"line":3,"column":44}},"loc":{"start":{"line":3,"column":81},"end":{"line":8,"column":1}}}},"branchMap":{"0":{"loc":{"start":{"line":3,"column":44},"end":{"line":3,"column":69}},"type":"default-arg","locations":[{"start":{"line":3,"column":67},"end":{"line":3,"column":69}}]}},"s":{"0":0,"1":0,"2":0,"3":0,"4":0,"5":0,"6":0,"7":0,"8":0},"f":{"0":0,"1":0},"b":{"0":[0]}}
,"/app/src/helpers/error/error.helper.ts": {"path":"/app/src/helpers/error/error.helper.ts","statementMap":{"0":{"start":{"line":2,"column":0},"end":{"line":2,"column":57}},"1":{"start":{"line":4,"column":18},"end":{"line":4,"column":23}},"2":{"start":{"line":5,"column":38},"end":{"line":16,"column":1}},"3":{"start":{"line":15,"column":4},"end":{"line":15,"column":17}},"4":{"start":{"line":5,"column":13},"end":{"line":5,"column":38}}},"fnMap":{"0":{"name":"(anonymous_0)","decl":{"start":{"line":5,"column":38},"end":{"line":5,"column":39}},"loc":{"start":{"line":5,"column":53},"end":{"line":16,"column":1}}}},"branchMap":{},"s":{"0":0,"1":0,"2":0,"3":0,"4":0},"f":{"0":0},"b":{}}
,"/app/src/helpers/jwt/token.helper.ts": {"path":"/app/src/helpers/jwt/token.helper.ts","statementMap":{"0":{"start":{"line":1,"column":0},"end":{"line":1,"column":66}},"1":{"start":{"line":2,"column":0},"end":{"line":2,"column":47}},"2":{"start":{"line":3,"column":0},"end":{"line":3,"column":28}},"3":{"start":{"line":6,"column":28},"end":{"line":14,"column":1}},"4":{"start":{"line":7,"column":4},"end":{"line":13,"column":null}},"5":{"start":{"line":8,"column":8},"end":{"line":10,"column":11}},"6":{"start":{"line":12,"column":8},"end":{"line":12,"column":20}},"7":{"start":{"line":6,"column":13},"end":{"line":6,"column":28}},"8":{"start":{"line":15,"column":26},"end":{"line":24,"column":1}},"9":{"start":{"line":16,"column":4},"end":{"line":23,"column":null}},"10":{"start":{"line":17,"column":8},"end":{"line":17,"column":38}},"11":{"start":{"line":19,"column":24},"end":{"line":19,"column":56}},"12":{"start":{"line":20,"column":8},"end":{"line":20,"column":23}},"13":{"start":{"line":22,"column":8},"end":{"line":22,"column":20}},"14":{"start":{"line":15,"column":13},"end":{"line":15,"column":26}},"15":{"start":{"line":27,"column":32},"end":{"line":30,"column":1}},"16":{"start":{"line":28,"column":19},"end":{"line":28,"column":36}},"17":{"start":{"line":29,"column":4},"end":{"line":29,"column":35}},"18":{"start":{"line":27,"column":13},"end":{"line":27,"column":32}},"19":{"start":{"line":32,"column":40},"end":{"line":36,"column":1}},"20":{"start":{"line":33,"column":17},"end":{"line":33,"column":47}},"21":{"start":{"line":34,"column":19},"end":{"line":34,"column":57}},"22":{"start":{"line":35,"column":4},"end":{"line":35,"column":47}},"23":{"start":{"line":32,"column":13},"end":{"line":32,"column":40}},"24":{"start":{"line":38,"column":33},"end":{"line":42,"column":1}},"25":{"start":{"line":39,"column":35},"end":{"line":39,"column":55}},"26":{"start":{"line":40,"column":19},"end":{"line":40,"column":62}},"27":{"start":{"line":41,"column":4},"end":{"line":41,"column":71}},"28":{"start":{"line":38,"column":13},"end":{"line":38,"column":33}},"29":{"start":{"line":44,"column":29},"end":{"line":53,"column":1}},"30":{"start":{"line":45,"column":16},"end":{"line":45,"column":18}},"31":{"start":{"line":46,"column":4},"end":{"line":51,"column":null}},"32":{"start":{"line":47,"column":8},"end":{"line":50,"column":11}},"33":{"start":{"line":48,"column":12},"end":{"line":48,"column":31}},"34":{"start":{"line":48,"column":21},"end":{"line":48,"column":31}},"35":{"start":{"line":49,"column":12},"end":{"line":49,"column":25}},"36":{"start":{"line":52,"column":4},"end":{"line":52,"column":17}},"37":{"start":{"line":44,"column":13},"end":{"line":44,"column":29}},"38":{"start":{"line":54,"column":29},"end":{"line":61,"column":2}},"39":{"start":{"line":54,"column":73},"end":{"line":61,"column":2}},"40":{"start":{"line":55,"column":4},"end":{"line":60,"column":null}},"41":{"start":{"line":56,"column":21},"end":{"line":56,"column":52}},"42":{"start":{"line":57,"column":8},"end":{"line":57,"column":null}},"43":{"start":{"line":59,"column":8},"end":{"line":59,"column":null}},"44":{"start":{"line":54,"column":13},"end":{"line":54,"column":29}},"45":{"start":{"line":62,"column":32},"end":{"line":69,"column":null}},"46":{"start":{"line":62,"column":101},"end":{"line":69,"column":null}},"47":{"start":{"line":63,"column":4},"end":{"line":68,"column":null}},"48":{"start":{"line":64,"column":26},"end":{"line":64,"column":72}},"49":{"start":{"line":65,"column":8},"end":{"line":65,"column":25}},"50":{"start":{"line":67,"column":8},"end":{"line":67,"column":null}},"51":{"start":{"line":62,"column":13},"end":{"line":62,"column":32}}},"fnMap":{"0":{"name":"(anonymous_8)","decl":{"start":{"line":6,"column":28},"end":{"line":6,"column":29}},"loc":{"start":{"line":6,"column":98},"end":{"line":14,"column":1}}},"1":{"name":"(anonymous_9)","decl":{"start":{"line":15,"column":26},"end":{"line":15,"column":27}},"loc":{"start":{"line":15,"column":89},"end":{"line":24,"column":1}}},"2":{"name":"(anonymous_10)","decl":{"start":{"line":27,"column":32},"end":{"line":27,"column":33}},"loc":{"start":{"line":27,"column":89},"end":{"line":30,"column":1}}},"3":{"name":"(anonymous_11)","decl":{"start":{"line":32,"column":40},"end":{"line":32,"column":41}},"loc":{"start":{"line":32,"column":67},"end":{"line":36,"column":1}}},"4":{"name":"(anonymous_12)","decl":{"start":{"line":38,"column":33},"end":{"line":38,"column":34}},"loc":{"start":{"line":38,"column":76},"end":{"line":42,"column":1}}},"5":{"name":"(anonymous_13)","decl":{"start":{"line":44,"column":29},"end":{"line":44,"column":30}},"loc":{"start":{"line":44,"column":58},"end":{"line":53,"column":1}}},"6":{"name":"(anonymous_14)","decl":{"start":{"line":46,"column":23},"end":{"line":46,"column":24}},"loc":{"start":{"line":46,"column":37},"end":{"line":51,"column":5}}},"7":{"name":"(anonymous_15)","decl":{"start":{"line":47,"column":36},"end":{"line":47,"column":46}},"loc":{"start":{"line":47,"column":55},"end":{"line":50,"column":9}}},"8":{"name":"(anonymous_16)","decl":{"start":{"line":54,"column":29},"end":{"line":54,"column":36}},"loc":{"start":{"line":54,"column":73},"end":{"line":61,"column":2}}},"9":{"name":"(anonymous_17)","decl":{"start":{"line":54,"column":73},"end":{"line":54,"column":null}},"loc":{"start":{"line":54,"column":73},"end":{"line":61,"column":1}}},"10":{"name":"(anonymous_18)","decl":{"start":{"line":62,"column":32},"end":{"line":62,"column":39}},"loc":{"start":{"line":62,"column":101},"end":{"line":69,"column":null}}},"11":{"name":"(anonymous_19)","decl":{"start":{"line":62,"column":101},"end":{"line":62,"column":null}},"loc":{"start":{"line":62,"column":101},"end":{"line":69,"column":1}}}},"branchMap":{"0":{"loc":{"start":{"line":27,"column":33},"end":{"line":27,"column":50}},"type":"default-arg","locations":[{"start":{"line":27,"column":48},"end":{"line":27,"column":50}}]},"1":{"loc":{"start":{"line":27,"column":52},"end":{"line":27,"column":85}},"type":"default-arg","locations":[{"start":{"line":27,"column":77},"end":{"line":27,"column":85}}]},"2":{"loc":{"start":{"line":48,"column":12},"end":{"line":48,"column":31}},"type":"if","locations":[{"start":{"line":48,"column":12},"end":{"line":48,"column":31}}]}},"s":{"0":0,"1":0,"2":0,"3":0,"4":0,"5":0,"6":0,"7":0,"8":0,"9":0,"10":0,"11":0,"12":0,"13":0,"14":0,"15":0,"16":0,"17":0,"18":0,"19":0,"20":0,"21":0,"22":0,"23":0,"24":0,"25":0,"26":0,"27":0,"28":0,"29":0,"30":0,"31":0,"32":0,"33":0,"34":0,"35":0,"36":0,"37":0,"38":0,"39":0,"40":0,"41":0,"42":0,"43":0,"44":0,"45":0,"46":0,"47":0,"48":0,"49":0,"50":0,"51":0},"f":{"0":0,"1":0,"2":0,"3":0,"4":0,"5":0,"6":0,"7":0,"8":0,"9":0,"10":0,"11":0},"b":{"0":[0],"1":[0],"2":[0]}}
,"/app/src/helpers/response/response.helper.ts": {"path":"/app/src/helpers/response/response.helper.ts","statementMap":{"0":{"start":{"line":1,"column":0},"end":{"line":1,"column":64}},"1":{"start":{"line":2,"column":0},"end":{"line":2,"column":65}},"2":{"start":{"line":3,"column":16},"end":{"line":3,"column":21}},"3":{"start":{"line":4,"column":25},"end":{"line":4,"column":33}},"4":{"start":{"line":6,"column":0},"end":{"line":28,"column":null}},"5":{"start":{"line":12,"column":8},"end":{"line":12,"column":null}},"6":{"start":{"line":19,"column":8},"end":{"line":19,"column":null}},"7":{"start":{"line":26,"column":8},"end":{"line":26,"column":null}}},"fnMap":{"0":{"name":"(anonymous_0)","decl":{"start":{"line":7,"column":13},"end":{"line":7,"column":null}},"loc":{"start":{"line":11,"column":8},"end":{"line":13,"column":5}}},"1":{"name":"(anonymous_1)","decl":{"start":{"line":14,"column":10},"end":{"line":14,"column":null}},"loc":{"start":{"line":18,"column":8},"end":{"line":20,"column":5}}},"2":{"name":"(anonymous_2)","decl":{"start":{"line":21,"column":11},"end":{"line":21,"column":null}},"loc":{"start":{"line":25,"column":8},"end":{"line":27,"column":5}}}},"branchMap":{"0":{"loc":{"start":{"line":8,"column":8},"end":{"line":8,"column":46}},"type":"default-arg","locations":[{"start":{"line":8,"column":26},"end":{"line":8,"column":46}}]},"1":{"loc":{"start":{"line":9,"column":8},"end":{"line":9,"column":47}},"type":"default-arg","locations":[{"start":{"line":9,"column":29},"end":{"line":9,"column":47}}]},"2":{"loc":{"start":{"line":10,"column":8},"end":{"line":10,"column":21}},"type":"default-arg","locations":[{"start":{"line":10,"column":19},"end":{"line":10,"column":21}}]},"3":{"loc":{"start":{"line":15,"column":8},"end":{"line":15,"column":43}},"type":"default-arg","locations":[{"start":{"line":15,"column":26},"end":{"line":15,"column":43}}]},"4":{"loc":{"start":{"line":16,"column":8},"end":{"line":16,"column":47}},"type":"default-arg","locations":[{"start":{"line":16,"column":29},"end":{"line":16,"column":47}}]},"5":{"loc":{"start":{"line":17,"column":8},"end":{"line":17,"column":21}},"type":"default-arg","locations":[{"start":{"line":17,"column":19},"end":{"line":17,"column":21}}]},"6":{"loc":{"start":{"line":22,"column":8},"end":{"line":22,"column":44}},"type":"default-arg","locations":[{"start":{"line":22,"column":26},"end":{"line":22,"column":44}}]},"7":{"loc":{"start":{"line":23,"column":8},"end":{"line":23,"column":61}},"type":"default-arg","locations":[{"start":{"line":23,"column":29},"end":{"line":23,"column":61}}]},"8":{"loc":{"start":{"line":24,"column":8},"end":{"line":24,"column":23}},"type":"default-arg","locations":[{"start":{"line":24,"column":21},"end":{"line":24,"column":23}}]}},"s":{"0":0,"1":0,"2":0,"3":0,"4":0,"5":0,"6":0,"7":0},"f":{"0":0,"1":0,"2":0},"b":{"0":[0],"1":[0],"2":[0],"3":[0],"4":[0],"5":[0],"6":[0],"7":[0],"8":[0]}}
,"/app/src/middlewares/auth/auth.handler.ts": {"path":"/app/src/middlewares/auth/auth.handler.ts","statementMap":{"0":{"start":{"line":2,"column":0},"end":{"line":2,"column":67}},"1":{"start":{"line":4,"column":0},"end":{"line":4,"column":31}},"2":{"start":{"line":5,"column":0},"end":{"line":5,"column":68}},"3":{"start":{"line":6,"column":16},"end":{"line":6,"column":21}},"4":{"start":{"line":7,"column":25},"end":{"line":7,"column":33}},"5":{"start":{"line":8,"column":0},"end":{"line":88,"column":null}},"6":{"start":{"line":10,"column":8},"end":{"line":27,"column":null}},"7":{"start":{"line":11,"column":12},"end":{"line":11,"column":87}},"8":{"start":{"line":12,"column":12},"end":{"line":23,"column":null}},"9":{"start":{"line":13,"column":30},"end":{"line":13,"column":73}},"10":{"start":{"line":14,"column":16},"end":{"line":20,"column":null}},"11":{"start":{"line":15,"column":20},"end":{"line":15,"column":168}},"12":{"start":{"line":17,"column":36},"end":{"line":17,"column":90}},"13":{"start":{"line":18,"column":20},"end":{"line":18,"column":48}},"14":{"start":{"line":19,"column":20},"end":{"line":19,"column":28}},"15":{"start":{"line":22,"column":16},"end":{"line":22,"column":164}},"16":{"start":{"line":26,"column":12},"end":{"line":26,"column":134}},"17":{"start":{"line":31,"column":8},"end":{"line":47,"column":null}},"18":{"start":{"line":32,"column":12},"end":{"line":43,"column":null}},"19":{"start":{"line":33,"column":30},"end":{"line":33,"column":73}},"20":{"start":{"line":34,"column":16},"end":{"line":40,"column":null}},"21":{"start":{"line":35,"column":20},"end":{"line":35,"column":168}},"22":{"start":{"line":37,"column":36},"end":{"line":37,"column":87}},"23":{"start":{"line":38,"column":20},"end":{"line":38,"column":45}},"24":{"start":{"line":39,"column":20},"end":{"line":39,"column":28}},"25":{"start":{"line":42,"column":16},"end":{"line":42,"column":164}},"26":{"start":{"line":46,"column":12},"end":{"line":46,"column":134}},"27":{"start":{"line":51,"column":8},"end":{"line":67,"column":null}},"28":{"start":{"line":52,"column":12},"end":{"line":63,"column":null}},"29":{"start":{"line":53,"column":30},"end":{"line":53,"column":73}},"30":{"start":{"line":54,"column":16},"end":{"line":60,"column":null}},"31":{"start":{"line":55,"column":20},"end":{"line":55,"column":168}},"32":{"start":{"line":57,"column":36},"end":{"line":57,"column":87}},"33":{"start":{"line":58,"column":20},"end":{"line":58,"column":45}},"34":{"start":{"line":59,"column":20},"end":{"line":59,"column":28}},"35":{"start":{"line":62,"column":16},"end":{"line":62,"column":164}},"36":{"start":{"line":66,"column":12},"end":{"line":66,"column":134}},"37":{"start":{"line":70,"column":8},"end":{"line":86,"column":null}},"38":{"start":{"line":71,"column":12},"end":{"line":82,"column":null}},"39":{"start":{"line":72,"column":30},"end":{"line":72,"column":73}},"40":{"start":{"line":73,"column":16},"end":{"line":79,"column":null}},"41":{"start":{"line":74,"column":20},"end":{"line":74,"column":168}},"42":{"start":{"line":76,"column":36},"end":{"line":76,"column":87}},"43":{"start":{"line":77,"column":20},"end":{"line":77,"column":45}},"44":{"start":{"line":78,"column":20},"end":{"line":78,"column":28}},"45":{"start":{"line":81,"column":16},"end":{"line":81,"column":164}},"46":{"start":{"line":85,"column":12},"end":{"line":85,"column":134}}},"fnMap":{"0":{"name":"(anonymous_8)","decl":{"start":{"line":9,"column":4},"end":{"line":9,"column":18}},"loc":{"start":{"line":9,"column":66},"end":{"line":28,"column":5}}},"1":{"name":"(anonymous_9)","decl":{"start":{"line":30,"column":10},"end":{"line":30,"column":24}},"loc":{"start":{"line":30,"column":72},"end":{"line":48,"column":null}}},"2":{"name":"(anonymous_11)","decl":{"start":{"line":50,"column":10},"end":{"line":50,"column":22}},"loc":{"start":{"line":50,"column":70},"end":{"line":68,"column":null}}},"3":{"name":"(anonymous_13)","decl":{"start":{"line":69,"column":10},"end":{"line":69,"column":21}},"loc":{"start":{"line":69,"column":69},"end":{"line":87,"column":null}}}},"branchMap":{"0":{"loc":{"start":{"line":12,"column":12},"end":{"line":23,"column":null}},"type":"if","locations":[{"start":{"line":12,"column":12},"end":{"line":23,"column":null}},{"start":{"line":21,"column":19},"end":{"line":23,"column":null}}]},"1":{"loc":{"start":{"line":14,"column":16},"end":{"line":20,"column":null}},"type":"if","locations":[{"start":{"line":14,"column":16},"end":{"line":20,"column":null}},{"start":{"line":16,"column":23},"end":{"line":20,"column":null}}]},"2":{"loc":{"start":{"line":32,"column":12},"end":{"line":43,"column":null}},"type":"if","locations":[{"start":{"line":32,"column":12},"end":{"line":43,"column":null}},{"start":{"line":41,"column":19},"end":{"line":43,"column":null}}]},"3":{"loc":{"start":{"line":34,"column":16},"end":{"line":40,"column":null}},"type":"if","locations":[{"start":{"line":34,"column":16},"end":{"line":40,"column":null}},{"start":{"line":36,"column":23},"end":{"line":40,"column":null}}]},"4":{"loc":{"start":{"line":52,"column":12},"end":{"line":63,"column":null}},"type":"if","locations":[{"start":{"line":52,"column":12},"end":{"line":63,"column":null}},{"start":{"line":61,"column":19},"end":{"line":63,"column":null}}]},"5":{"loc":{"start":{"line":54,"column":16},"end":{"line":60,"column":null}},"type":"if","locations":[{"start":{"line":54,"column":16},"end":{"line":60,"column":null}},{"start":{"line":56,"column":23},"end":{"line":60,"column":null}}]},"6":{"loc":{"start":{"line":71,"column":12},"end":{"line":82,"column":null}},"type":"if","locations":[{"start":{"line":71,"column":12},"end":{"line":82,"column":null}},{"start":{"line":80,"column":19},"end":{"line":82,"column":null}}]},"7":{"loc":{"start":{"line":73,"column":16},"end":{"line":79,"column":null}},"type":"if","locations":[{"start":{"line":73,"column":16},"end":{"line":79,"column":null}},{"start":{"line":75,"column":23},"end":{"line":79,"column":null}}]}},"s":{"0":0,"1":0,"2":0,"3":0,"4":0,"5":0,"6":0,"7":0,"8":0,"9":0,"10":0,"11":0,"12":0,"13":0,"14":0,"15":0,"16":0,"17":0,"18":0,"19":0,"20":0,"21":0,"22":0,"23":0,"24":0,"25":0,"26":0,"27":0,"28":0,"29":0,"30":0,"31":0,"32":0,"33":0,"34":0,"35":0,"36":0,"37":0,"38":0,"39":0,"40":0,"41":0,"42":0,"43":0,"44":0,"45":0,"46":0},"f":{"0":0,"1":0,"2":0,"3":0},"b":{"0":[0,0],"1":[0,0],"2":[0,0],"3":[0,0],"4":[0,0],"5":[0,0],"6":[0,0],"7":[0,0]}}
,"/app/src/middlewares/auth/index.ts": {"path":"/app/src/middlewares/auth/index.ts","statementMap":{"0":{"start":{"line":1,"column":0},"end":{"line":1,"column":9}},"1":{"start":{"line":1,"column":9},"end":{"line":1,"column":41}}},"fnMap":{"0":{"name":"(anonymous_1)","decl":{"start":{"line":1,"column":9},"end":{"line":1,"column":16}},"loc":{"start":{"line":1,"column":9},"end":{"line":1,"column":41}}}},"branchMap":{},"s":{"0":0,"1":0},"f":{"0":0},"b":{}}
,"/app/src/middlewares/error/error.handler.ts": {"path":"/app/src/middlewares/error/error.handler.ts","statementMap":{"0":{"start":{"line":2,"column":0},"end":{"line":2,"column":79}},"1":{"start":{"line":13,"column":21},"end":{"line":30,"column":1}},"2":{"start":{"line":19,"column":22},"end":{"line":19,"column":25}},"3":{"start":{"line":21,"column":4},"end":{"line":23,"column":null}},"4":{"start":{"line":22,"column":8},"end":{"line":22,"column":71}},"5":{"start":{"line":29,"column":4},"end":{"line":29,"column":70}},"6":{"start":{"line":32,"column":0},"end":{"line":32,"column":28}}},"fnMap":{"0":{"name":"(anonymous_0)","decl":{"start":{"line":13,"column":21},"end":{"line":13,"column":null}},"loc":{"start":{"line":18,"column":4},"end":{"line":30,"column":1}}}},"branchMap":{"0":{"loc":{"start":{"line":21,"column":4},"end":{"line":23,"column":null}},"type":"if","locations":[{"start":{"line":21,"column":4},"end":{"line":23,"column":null}}]}},"s":{"0":0,"1":0,"2":0,"3":0,"4":0,"5":0,"6":0},"f":{"0":0},"b":{"0":[0]}}
,"/app/src/middlewares/error/index.ts": {"path":"/app/src/middlewares/error/index.ts","statementMap":{"0":{"start":{"line":1,"column":0},"end":{"line":1,"column":9}},"1":{"start":{"line":1,"column":9},"end":{"line":1,"column":42}}},"fnMap":{"0":{"name":"(anonymous_1)","decl":{"start":{"line":1,"column":9},"end":{"line":1,"column":16}},"loc":{"start":{"line":1,"column":9},"end":{"line":1,"column":42}}}},"branchMap":{},"s":{"0":0,"1":0},"f":{"0":0},"b":{}}
,"/app/src/models/response/Response.ts": {"path":"/app/src/models/response/Response.ts","statementMap":{"0":{"start":{"line":11,"column":8},"end":{"line":11,"column":31}},"1":{"start":{"line":12,"column":8},"end":{"line":12,"column":29}},"2":{"start":{"line":13,"column":8},"end":{"line":13,"column":45}},"3":{"start":{"line":1,"column":0},"end":{"line":1,"column":13}}},"fnMap":{"0":{"name":"(anonymous_0)","decl":{"start":{"line":6,"column":4},"end":{"line":6,"column":null}},"loc":{"start":{"line":9,"column":32},"end":{"line":14,"column":5}}}},"branchMap":{"0":{"loc":{"start":{"line":8,"column":8},"end":{"line":8,"column":28}},"type":"default-arg","locations":[{"start":{"line":8,"column":25},"end":{"line":8,"column":28}}]},"1":{"loc":{"start":{"line":9,"column":8},"end":{"line":9,"column":32}},"type":"default-arg","locations":[{"start":{"line":9,"column":30},"end":{"line":9,"column":32}}]}},"s":{"0":2,"1":2,"2":2,"3":2},"f":{"0":2},"b":{"0":[2],"1":[2]}}
,"/app/src/repositories/chat/chat.repository.ts": {"path":"/app/src/repositories/chat/chat.repository.ts","statementMap":{"0":{"start":{"line":1,"column":0},"end":{"line":1,"column":67}},"1":{"start":{"line":4,"column":0},"end":{"line":4,"column":40}},"2":{"start":{"line":6,"column":0},"end":{"line":6,"column":32}},"3":{"start":{"line":7,"column":25},"end":{"line":7,"column":40}},"4":{"start":{"line":10,"column":27},"end":{"line":10,"column":64}},"5":{"start":{"line":11,"column":8},"end":{"line":15,"column":null}},"6":{"start":{"line":12,"column":12},"end":{"line":12,"column":57}},"7":{"start":{"line":14,"column":12},"end":{"line":14,"column":24}},"8":{"start":{"line":18,"column":51},"end":{"line":18,"column":56}},"9":{"start":{"line":19,"column":28},"end":{"line":19,"column":37}},"10":{"start":{"line":20,"column":8},"end":{"line":31,"column":null}},"11":{"start":{"line":21,"column":29},"end":{"line":21,"column":56}},"12":{"start":{"line":22,"column":29},"end":{"line":27,"column":14}},"13":{"start":{"line":28,"column":12},"end":{"line":28,"column":41}},"14":{"start":{"line":30,"column":12},"end":{"line":30,"column":24}},"15":{"start":{"line":34,"column":57},"end":{"line":34,"column":62}},"16":{"start":{"line":35,"column":28},"end":{"line":35,"column":37}},"17":{"start":{"line":36,"column":8},"end":{"line":36,"column":45}},"18":{"start":{"line":37,"column":8},"end":{"line":37,"column":48}},"19":{"start":{"line":38,"column":8},"end":{"line":47,"column":null}},"20":{"start":{"line":39,"column":50},"end":{"line":39,"column":52}},"21":{"start":{"line":40,"column":12},"end":{"line":40,"column":58}},"22":{"start":{"line":40,"column":34},"end":{"line":40,"column":58}},"23":{"start":{"line":41,"column":12},"end":{"line":41,"column":64}},"24":{"start":{"line":41,"column":44},"end":{"line":41,"column":64}},"25":{"start":{"line":42,"column":12},"end":{"line":42,"column":51}},"26":{"start":{"line":42,"column":27},"end":{"line":42,"column":51}},"27":{"start":{"line":43,"column":27},"end":{"line":43,"column":92}},"28":{"start":{"line":44,"column":12},"end":{"line":44,"column":26}},"29":{"start":{"line":46,"column":12},"end":{"line":46,"column":24}},"30":{"start":{"line":50,"column":36},"end":{"line":50,"column":41}},"31":{"start":{"line":51,"column":8},"end":{"line":56,"column":null}},"32":{"start":{"line":52,"column":27},"end":{"line":52,"column":99}},"33":{"start":{"line":53,"column":12},"end":{"line":53,"column":26}},"34":{"start":{"line":55,"column":12},"end":{"line":55,"column":24}},"35":{"start":{"line":59,"column":28},"end":{"line":59,"column":37}},"36":{"start":{"line":60,"column":8},"end":{"line":112,"column":null}},"37":{"start":{"line":61,"column":27},"end":{"line":107,"column":null}},"38":{"start":{"line":109,"column":12},"end":{"line":109,"column":26}},"39":{"start":{"line":111,"column":12},"end":{"line":111,"column":24}},"40":{"start":{"line":115,"column":28},"end":{"line":115,"column":37}},"41":{"start":{"line":116,"column":8},"end":{"line":158,"column":null}},"42":{"start":{"line":117,"column":27},"end":{"line":153,"column":null}},"43":{"start":{"line":155,"column":12},"end":{"line":155,"column":26}},"44":{"start":{"line":157,"column":12},"end":{"line":157,"column":24}},"45":{"start":{"line":162,"column":0},"end":{"line":162,"column":36}}},"fnMap":{"0":{"name":"(anonymous_8)","decl":{"start":{"line":9,"column":17},"end":{"line":9,"column":31}},"loc":{"start":{"line":9,"column":91},"end":{"line":16,"column":6}}},"1":{"name":"(anonymous_10)","decl":{"start":{"line":17,"column":17},"end":{"line":17,"column":33}},"loc":{"start":{"line":17,"column":87},"end":{"line":32,"column":null}}},"2":{"name":"(anonymous_12)","decl":{"start":{"line":33,"column":17},"end":{"line":33,"column":33}},"loc":{"start":{"line":33,"column":87},"end":{"line":48,"column":null}}},"3":{"name":"(anonymous_14)","decl":{"start":{"line":49,"column":17},"end":{"line":49,"column":32}},"loc":{"start":{"line":49,"column":73},"end":{"line":57,"column":null}}},"4":{"name":"(anonymous_16)","decl":{"start":{"line":58,"column":17},"end":{"line":58,"column":37}},"loc":{"start":{"line":58,"column":58},"end":{"line":113,"column":null}}},"5":{"name":"(anonymous_18)","decl":{"start":{"line":114,"column":17},"end":{"line":114,"column":34}},"loc":{"start":{"line":114,"column":55},"end":{"line":159,"column":null}}}},"branchMap":{"0":{"loc":{"start":{"line":10,"column":27},"end":{"line":10,"column":64}},"type":"cond-expr","locations":[{"start":{"line":10,"column":53},"end":{"line":10,"column":56}},{"start":{"line":10,"column":59},"end":{"line":10,"column":64}}]},"1":{"loc":{"start":{"line":40,"column":12},"end":{"line":40,"column":58}},"type":"if","locations":[{"start":{"line":40,"column":12},"end":{"line":40,"column":58}}]},"2":{"loc":{"start":{"line":40,"column":16},"end":{"line":40,"column":32}},"type":"cond-expr","locations":[{"start":{"line":40,"column":24},"end":{"line":40,"column":26}},{"start":{"line":40,"column":16},"end":{"line":40,"column":32}}]},"3":{"loc":{"start":{"line":40,"column":16},"end":{"line":40,"column":26}},"type":"binary-expr","locations":[{"start":{"line":40,"column":16},"end":{"line":40,"column":26}},{"start":{"line":40,"column":16},"end":{"line":40,"column":26}}]},"4":{"loc":{"start":{"line":41,"column":12},"end":{"line":41,"column":64}},"type":"if","locations":[{"start":{"line":41,"column":12},"end":{"line":41,"column":64}}]},"5":{"loc":{"start":{"line":42,"column":12},"end":{"line":42,"column":51}},"type":"if","locations":[{"start":{"line":42,"column":12},"end":{"line":42,"column":51}}]}},"s":{"0":0,"1":0,"2":0,"3":0,"4":0,"5":0,"6":0,"7":0,"8":0,"9":0,"10":0,"11":0,"12":0,"13":0,"14":0,"15":0,"16":0,"17":0,"18":0,"19":0,"20":0,"21":0,"22":0,"23":0,"24":0,"25":0,"26":0,"27":0,"28":0,"29":0,"30":0,"31":0,"32":0,"33":0,"34":0,"35":0,"36":0,"37":0,"38":0,"39":0,"40":0,"41":0,"42":0,"43":0,"44":0,"45":0},"f":{"0":0,"1":0,"2":0,"3":0,"4":0,"5":0},"b":{"0":[0,0],"1":[0],"2":[0,0],"3":[0,0],"4":[0],"5":[0]}}
,"/app/src/repositories/chat/index.ts": {"path":"/app/src/repositories/chat/index.ts","statementMap":{"0":{"start":{"line":1,"column":0},"end":{"line":1,"column":9}},"1":{"start":{"line":1,"column":9},"end":{"line":1,"column":44}}},"fnMap":{"0":{"name":"(anonymous_1)","decl":{"start":{"line":1,"column":9},"end":{"line":1,"column":16}},"loc":{"start":{"line":1,"column":9},"end":{"line":1,"column":44}}}},"branchMap":{},"s":{"0":0,"1":0},"f":{"0":0},"b":{}}
,"/app/src/repositories/company/company.repository.ts": {"path":"/app/src/repositories/company/company.repository.ts","statementMap":{"0":{"start":{"line":1,"column":0},"end":{"line":1,"column":46}},"1":{"start":{"line":3,"column":0},"end":{"line":3,"column":81}},"2":{"start":{"line":4,"column":0},"end":{"line":4,"column":102}},"3":{"start":{"line":5,"column":0},"end":{"line":5,"column":32}},"4":{"start":{"line":8,"column":8},"end":{"line":12,"column":null}},"5":{"start":{"line":9,"column":12},"end":{"line":9,"column":52}},"6":{"start":{"line":11,"column":12},"end":{"line":11,"column":24}},"7":{"start":{"line":15,"column":8},"end":{"line":19,"column":null}},"8":{"start":{"line":16,"column":12},"end":{"line":16,"column":42}},"9":{"start":{"line":18,"column":12},"end":{"line":18,"column":24}},"10":{"start":{"line":22,"column":55},"end":{"line":22,"column":62}},"11":{"start":{"line":23,"column":8},"end":{"line":49,"column":null}},"12":{"start":{"line":25,"column":12},"end":{"line":46,"column":null}},"13":{"start":{"line":26,"column":16},"end":{"line":29,"column":19}},"14":{"start":{"line":27,"column":20},"end":{"line":27,"column":39}},"15":{"start":{"line":27,"column":29},"end":{"line":27,"column":39}},"16":{"start":{"line":28,"column":20},"end":{"line":28,"column":34}},"17":{"start":{"line":31,"column":36},"end":{"line":39,"column":18}},"18":{"start":{"line":40,"column":32},"end":{"line":40,"column":56}},"19":{"start":{"line":41,"column":16},"end":{"line":45,"column":18}},"20":{"start":{"line":48,"column":12},"end":{"line":48,"column":24}},"21":{"start":{"line":52,"column":36},"end":{"line":52,"column":44}},"22":{"start":{"line":53,"column":8},"end":{"line":63,"column":null}},"23":{"start":{"line":54,"column":37},"end":{"line":54,"column":41}},"24":{"start":{"line":54,"column":69},"end":{"line":54,"column":73}},"25":{"start":{"line":55,"column":12},"end":{"line":55,"column":55}},"26":{"start":{"line":56,"column":12},"end":{"line":56,"column":null}},"27":{"start":{"line":57,"column":12},"end":{"line":59,"column":null}},"28":{"start":{"line":62,"column":12},"end":{"line":62,"column":24}},"29":{"start":{"line":67,"column":0},"end":{"line":67,"column":39}}},"fnMap":{"0":{"name":"(anonymous_8)","decl":{"start":{"line":7,"column":17},"end":{"line":7,"column":34}},"loc":{"start":{"line":7,"column":59},"end":{"line":13,"column":6}}},"1":{"name":"(anonymous_10)","decl":{"start":{"line":14,"column":17},"end":{"line":14,"column":37}},"loc":{"start":{"line":14,"column":37},"end":{"line":20,"column":6}}},"2":{"name":"(anonymous_12)","decl":{"start":{"line":21,"column":17},"end":{"line":21,"column":43}},"loc":{"start":{"line":21,"column":76},"end":{"line":50,"column":6}}},"3":{"name":"(anonymous_14)","decl":{"start":{"line":26,"column":84},"end":{"line":26,"column":85}},"loc":{"start":{"line":26,"column":100},"end":{"line":29,"column":17}}},"4":{"name":"(anonymous_15)","decl":{"start":{"line":51,"column":17},"end":{"line":51,"column":35}},"loc":{"start":{"line":51,"column":66},"end":{"line":64,"column":null}}}},"branchMap":{"0":{"loc":{"start":{"line":25,"column":12},"end":{"line":46,"column":null}},"type":"if","locations":[{"start":{"line":25,"column":12},"end":{"line":46,"column":null}},{"start":{"line":30,"column":19},"end":{"line":46,"column":null}}]},"1":{"loc":{"start":{"line":27,"column":20},"end":{"line":27,"column":39}},"type":"if","locations":[{"start":{"line":27,"column":20},"end":{"line":27,"column":39}}]},"2":{"loc":{"start":{"line":56,"column":65},"end":{"line":56,"column":82}},"type":"cond-expr","locations":[{"start":{"line":56,"column":72},"end":{"line":56,"column":74}},{"start":{"line":56,"column":65},"end":{"line":56,"column":82}}]},"3":{"loc":{"start":{"line":56,"column":65},"end":{"line":56,"column":74}},"type":"binary-expr","locations":[{"start":{"line":56,"column":65},"end":{"line":56,"column":74}},{"start":{"line":56,"column":65},"end":{"line":56,"column":74}}]}},"s":{"0":0,"1":0,"2":0,"3":0,"4":0,"5":0,"6":0,"7":0,"8":0,"9":0,"10":0,"11":0,"12":0,"13":0,"14":0,"15":0,"16":0,"17":0,"18":0,"19":0,"20":0,"21":0,"22":0,"23":0,"24":0,"25":0,"26":0,"27":0,"28":0,"29":0},"f":{"0":0,"1":0,"2":0,"3":0,"4":0},"b":{"0":[0,0],"1":[0],"2":[0,0],"3":[0,0]}}
,"/app/src/repositories/company/index.ts": {"path":"/app/src/repositories/company/index.ts","statementMap":{"0":{"start":{"line":1,"column":0},"end":{"line":1,"column":9}},"1":{"start":{"line":1,"column":9},"end":{"line":1,"column":47}}},"fnMap":{"0":{"name":"(anonymous_1)","decl":{"start":{"line":1,"column":9},"end":{"line":1,"column":16}},"loc":{"start":{"line":1,"column":9},"end":{"line":1,"column":47}}}},"branchMap":{},"s":{"0":0,"1":0},"f":{"0":0},"b":{}}
,"/app/src/repositories/issue/index.ts": {"path":"/app/src/repositories/issue/index.ts","statementMap":{"0":{"start":{"line":1,"column":0},"end":{"line":1,"column":9}},"1":{"start":{"line":1,"column":9},"end":{"line":1,"column":45}}},"fnMap":{"0":{"name":"(anonymous_1)","decl":{"start":{"line":1,"column":9},"end":{"line":1,"column":16}},"loc":{"start":{"line":1,"column":9},"end":{"line":1,"column":45}}}},"branchMap":{},"s":{"0":0,"1":0},"f":{"0":0},"b":{}}
,"/app/src/repositories/issue/issue.repository.ts": {"path":"/app/src/repositories/issue/issue.repository.ts","statementMap":{"0":{"start":{"line":3,"column":0},"end":{"line":3,"column":43}},"1":{"start":{"line":4,"column":0},"end":{"line":4,"column":32}},"2":{"start":{"line":7,"column":8},"end":{"line":11,"column":null}},"3":{"start":{"line":8,"column":12},"end":{"line":8,"column":57}},"4":{"start":{"line":10,"column":12},"end":{"line":10,"column":24}},"5":{"start":{"line":14,"column":26},"end":{"line":14,"column":32}},"6":{"start":{"line":16,"column":8},"end":{"line":24,"column":null}},"7":{"start":{"line":17,"column":30},"end":{"line":20,"column":14}},"8":{"start":{"line":21,"column":12},"end":{"line":21,"column":42}},"9":{"start":{"line":23,"column":12},"end":{"line":23,"column":24}},"10":{"start":{"line":27,"column":36},"end":{"line":27,"column":42}},"11":{"start":{"line":29,"column":8},"end":{"line":34,"column":null}},"12":{"start":{"line":30,"column":27},"end":{"line":30,"column":100}},"13":{"start":{"line":31,"column":12},"end":{"line":31,"column":26}},"14":{"start":{"line":33,"column":12},"end":{"line":33,"column":24}},"15":{"start":{"line":37,"column":8},"end":{"line":42,"column":null}},"16":{"start":{"line":38,"column":27},"end":{"line":38,"column":65}},"17":{"start":{"line":39,"column":12},"end":{"line":39,"column":26}},"18":{"start":{"line":41,"column":12},"end":{"line":41,"column":24}},"19":{"start":{"line":46,"column":0},"end":{"line":46,"column":37}}},"fnMap":{"0":{"name":"(anonymous_8)","decl":{"start":{"line":6,"column":17},"end":{"line":6,"column":32}},"loc":{"start":{"line":6,"column":55},"end":{"line":12,"column":6}}},"1":{"name":"(anonymous_10)","decl":{"start":{"line":13,"column":17},"end":{"line":13,"column":34}},"loc":{"start":{"line":13,"column":79},"end":{"line":25,"column":null}}},"2":{"name":"(anonymous_12)","decl":{"start":{"line":26,"column":17},"end":{"line":26,"column":34}},"loc":{"start":{"line":26,"column":79},"end":{"line":35,"column":null}}},"3":{"name":"(anonymous_14)","decl":{"start":{"line":36,"column":17},"end":{"line":36,"column":35}},"loc":{"start":{"line":36,"column":35},"end":{"line":43,"column":null}}}},"branchMap":{},"s":{"0":0,"1":0,"2":0,"3":0,"4":0,"5":0,"6":0,"7":0,"8":0,"9":0,"10":0,"11":0,"12":0,"13":0,"14":0,"15":0,"16":0,"17":0,"18":0,"19":0},"f":{"0":0,"1":0,"2":0,"3":0},"b":{}}
,"/app/src/repositories/user/index.ts": {"path":"/app/src/repositories/user/index.ts","statementMap":{"0":{"start":{"line":1,"column":0},"end":{"line":1,"column":9}},"1":{"start":{"line":1,"column":9},"end":{"line":1,"column":44}}},"fnMap":{"0":{"name":"(anonymous_1)","decl":{"start":{"line":1,"column":9},"end":{"line":1,"column":16}},"loc":{"start":{"line":1,"column":9},"end":{"line":1,"column":44}}}},"branchMap":{},"s":{"0":0,"1":0},"f":{"0":0},"b":{}}
,"/app/src/repositories/user/user.repository.ts": {"path":"/app/src/repositories/user/user.repository.ts","statementMap":{"0":{"start":{"line":2,"column":0},"end":{"line":2,"column":40}},"1":{"start":{"line":4,"column":0},"end":{"line":4,"column":81}},"2":{"start":{"line":5,"column":0},"end":{"line":5,"column":73}},"3":{"start":{"line":6,"column":0},"end":{"line":6,"column":32}},"4":{"start":{"line":9,"column":27},"end":{"line":9,"column":61}},"5":{"start":{"line":10,"column":8},"end":{"line":15,"column":null}},"6":{"start":{"line":11,"column":25},"end":{"line":11,"column":62}},"7":{"start":{"line":12,"column":12},"end":{"line":12,"column":24}},"8":{"start":{"line":14,"column":12},"end":{"line":14,"column":24}},"9":{"start":{"line":18,"column":8},"end":{"line":23,"column":null}},"10":{"start":{"line":19,"column":31},"end":{"line":19,"column":63}},"11":{"start":{"line":20,"column":12},"end":{"line":20,"column":30}},"12":{"start":{"line":22,"column":12},"end":{"line":22,"column":24}},"13":{"start":{"line":26,"column":70},"end":{"line":26,"column":74}},"14":{"start":{"line":27,"column":61},"end":{"line":27,"column":78}},"15":{"start":{"line":28,"column":8},"end":{"line":57,"column":null}},"16":{"start":{"line":29,"column":29},"end":{"line":41,"column":14}},"17":{"start":{"line":42,"column":25},"end":{"line":42,"column":46}},"18":{"start":{"line":43,"column":12},"end":{"line":53,"column":14}},"19":{"start":{"line":56,"column":12},"end":{"line":56,"column":24}},"20":{"start":{"line":60,"column":36},"end":{"line":60,"column":41}},"21":{"start":{"line":61,"column":8},"end":{"line":79,"column":null}},"22":{"start":{"line":62,"column":37},"end":{"line":62,"column":41}},"23":{"start":{"line":62,"column":63},"end":{"line":62,"column":67}},"24":{"start":{"line":63,"column":12},"end":{"line":63,"column":49}},"25":{"start":{"line":64,"column":12},"end":{"line":64,"column":null}},"26":{"start":{"line":65,"column":12},"end":{"line":76,"column":14}},"27":{"start":{"line":78,"column":12},"end":{"line":78,"column":24}},"28":{"start":{"line":82,"column":71},"end":{"line":82,"column":76}},"29":{"start":{"line":83,"column":28},"end":{"line":83,"column":37}},"30":{"start":{"line":84,"column":8},"end":{"line":89,"column":null}},"31":{"start":{"line":85,"column":27},"end":{"line":85,"column":142}},"32":{"start":{"line":86,"column":12},"end":{"line":86,"column":26}},"33":{"start":{"line":88,"column":12},"end":{"line":88,"column":24}},"34":{"start":{"line":93,"column":0},"end":{"line":93,"column":36}}},"fnMap":{"0":{"name":"(anonymous_8)","decl":{"start":{"line":8,"column":17},"end":{"line":8,"column":31}},"loc":{"start":{"line":8,"column":88},"end":{"line":16,"column":6}}},"1":{"name":"(anonymous_10)","decl":{"start":{"line":17,"column":17},"end":{"line":17,"column":36}},"loc":{"start":{"line":17,"column":102},"end":{"line":24,"column":6}}},"2":{"name":"(anonymous_12)","decl":{"start":{"line":25,"column":17},"end":{"line":25,"column":35}},"loc":{"start":{"line":25,"column":62},"end":{"line":58,"column":6}}},"3":{"name":"(anonymous_14)","decl":{"start":{"line":59,"column":17},"end":{"line":59,"column":32}},"loc":{"start":{"line":59,"column":57},"end":{"line":80,"column":null}}},"4":{"name":"(anonymous_16)","decl":{"start":{"line":81,"column":17},"end":{"line":81,"column":41}},"loc":{"start":{"line":81,"column":90},"end":{"line":90,"column":null}}}},"branchMap":{"0":{"loc":{"start":{"line":8,"column":32},"end":{"line":8,"column":76}},"type":"default-arg","locations":[{"start":{"line":8,"column":69},"end":{"line":8,"column":76}}]},"1":{"loc":{"start":{"line":9,"column":27},"end":{"line":9,"column":61}},"type":"cond-expr","locations":[{"start":{"line":9,"column":53},"end":{"line":9,"column":56}},{"start":{"line":9,"column":59},"end":{"line":9,"column":61}}]},"2":{"loc":{"start":{"line":64,"column":65},"end":{"line":64,"column":79}},"type":"cond-expr","locations":[{"start":{"line":64,"column":69},"end":{"line":64,"column":71}},{"start":{"line":64,"column":65},"end":{"line":64,"column":79}}]},"3":{"loc":{"start":{"line":64,"column":65},"end":{"line":64,"column":71}},"type":"binary-expr","locations":[{"start":{"line":64,"column":65},"end":{"line":64,"column":71}},{"start":{"line":64,"column":65},"end":{"line":64,"column":71}}]}},"s":{"0":0,"1":0,"2":0,"3":0,"4":0,"5":0,"6":0,"7":0,"8":0,"9":0,"10":0,"11":0,"12":0,"13":0,"14":0,"15":0,"16":0,"17":0,"18":0,"19":0,"20":0,"21":0,"22":0,"23":0,"24":0,"25":0,"26":0,"27":0,"28":0,"29":0,"30":0,"31":0,"32":0,"33":0,"34":0},"f":{"0":0,"1":0,"2":0,"3":0,"4":0},"b":{"0":[0],"1":[0,0],"2":[0,0],"3":[0,0]}}
,"/app/src/routes/chat.router.ts": {"path":"/app/src/routes/chat.router.ts","statementMap":{"0":{"start":{"line":3,"column":0},"end":{"line":3,"column":66}},"1":{"start":{"line":4,"column":0},"end":{"line":4,"column":59}},"2":{"start":{"line":5,"column":0},"end":{"line":5,"column":51}},"3":{"start":{"line":6,"column":0},"end":{"line":6,"column":52}},"4":{"start":{"line":7,"column":0},"end":{"line":7,"column":46}},"5":{"start":{"line":8,"column":16},"end":{"line":8,"column":21}},"6":{"start":{"line":9,"column":23},"end":{"line":9,"column":39}},"7":{"start":{"line":10,"column":0},"end":{"line":18,"column":3}},"8":{"start":{"line":10,"column":112},"end":{"line":18,"column":2}},"9":{"start":{"line":11,"column":4},"end":{"line":17,"column":null}},"10":{"start":{"line":12,"column":47},"end":{"line":12,"column":55}},"11":{"start":{"line":13,"column":23},"end":{"line":13,"column":80}},"12":{"start":{"line":14,"column":8},"end":{"line":14,"column":99}},"13":{"start":{"line":16,"column":8},"end":{"line":16,"column":110}},"14":{"start":{"line":19,"column":0},"end":{"line":26,"column":3}},"15":{"start":{"line":19,"column":108},"end":{"line":26,"column":2}},"16":{"start":{"line":20,"column":4},"end":{"line":25,"column":null}},"17":{"start":{"line":21,"column":23},"end":{"line":21,"column":71}},"18":{"start":{"line":22,"column":8},"end":{"line":22,"column":99}},"19":{"start":{"line":24,"column":8},"end":{"line":24,"column":110}},"20":{"start":{"line":27,"column":0},"end":{"line":34,"column":3}},"21":{"start":{"line":27,"column":106},"end":{"line":34,"column":2}},"22":{"start":{"line":28,"column":4},"end":{"line":33,"column":null}},"23":{"start":{"line":29,"column":23},"end":{"line":29,"column":68}},"24":{"start":{"line":30,"column":8},"end":{"line":30,"column":99}},"25":{"start":{"line":32,"column":8},"end":{"line":32,"column":110}},"26":{"start":{"line":35,"column":0},"end":{"line":43,"column":3}},"27":{"start":{"line":35,"column":106},"end":{"line":43,"column":2}},"28":{"start":{"line":36,"column":4},"end":{"line":42,"column":null}},"29":{"start":{"line":37,"column":34},"end":{"line":37,"column":42}},"30":{"start":{"line":38,"column":23},"end":{"line":38,"column":73}},"31":{"start":{"line":39,"column":8},"end":{"line":39,"column":9
[...]
,"/app/src/routes/issue.router.ts": {"path":"/app/src/routes/issue.router.ts","statementMap":{"0":{"start":{"line":2,"column":0},"end":{"line":2,"column":66}},"1":{"start":{"line":3,"column":0},"end":{"line":3,"column":59}},"2":{"start":{"line":4,"column":0},"end":{"line":4,"column":53}},"3":{"start":{"line":5,"column":0},"end":{"line":5,"column":52}},"4":{"start":{"line":6,"column":0},"end":{"line":6,"column":46}},"5":{"start":{"line":7,"column":16},"end":{"line":7,"column":21}},"6":{"start":{"line":8,"column":23},"end":{"line":8,"column":39}},"7":{"start":{"line":9,"column":0},"end":{"line":16,"column":3}},"8":{"start":{"line":9,"column":112},"end":{"line":16,"column":2}},"9":{"start":{"line":10,"column":4},"end":{"line":15,"column":null}},"10":{"start":{"line":11,"column":23},"end":{"line":11,"column":85}},"11":{"start":{"line":12,"column":8},"end":{"line":12,"column":99}},"12":{"start":{"line":14,"column":8},"end":{"line":14,"column":110}},"13":{"start":{"line":17,"column":0},"end":{"line":24,"column":3}},"14":{"start":{"line":17,"column":108},"end":{"line":24,"column":2}},"15":{"start":{"line":18,"column":4},"end":{"line":23,"column":null}},"16":{"start":{"line":19,"column":23},"end":{"line":19,"column":59}},"17":{"start":{"line":20,"column":8},"end":{"line":20,"column":99}},"18":{"start":{"line":22,"column":8},"end":{"line":22,"column":110}},"19":{"start":{"line":25,"column":0},"end":{"line":25,"column":16}}},"fnMap":{"0":{"name":"(anonymous_8)","decl":{"start":{"line":9,"column":57},"end":{"line":9,"column":64}},"loc":{"start":{"line":9,"column":112},"end":{"line":16,"column":2}}},"1":{"name":"(anonymous_9)","decl":{"start":{"line":9,"column":112},"end":{"line":9,"column":null}},"loc":{"start":{"line":9,"column":112},"end":{"line":16,"column":1}}},"2":{"name":"(anonymous_10)","decl":{"start":{"line":17,"column":53},"end":{"line":17,"column":60}},"loc":{"start":{"line":17,"column":108},"end":{"line":24,"column":2}}},"3":{"name":"(anonymous_11)","decl":{"start":{"line":17,"column":108},"end":{"line":17,"column":null}},"loc":{"start":{"line":17,"column":108},"end":{"line":24,"column":1}}}},"branchMap":{},"s":{"0":0,"1":0,"2":0,"3":0,"4":0,"5":0,"6":0,"7":0,"8":0,"9":0,"10":0,"11":0,"12":0,"13":0,"14":0,"15":0,"16":0,"17":0,"18":0,"19":0},"f":{"0":0,"1":0,"2":0,"3":0},"b":{}}
,"/app/src/routes/router.ts": {"path":"/app/src/routes/router.ts","statementMap":{"0":{"start":{"line":1,"column":0},"end":{"line":1,"column":61}},"1":{"start":{"line":2,"column":0},"end":{"line":2,"column":45}},"2":{"start":{"line":3,"column":0},"end":{"line":3,"column":39}},"3":{"start":{"line":4,"column":0},"end":{"line":4,"column":39}},"4":{"start":{"line":5,"column":0},"end":{"line":5,"column":39}},"5":{"start":{"line":6,"column":0},"end":{"line":6,"column":41}},"6":{"start":{"line":7,"column":0},"end":{"line":7,"column":39}},"7":{"start":{"line":8,"column":23},"end":{"line":8,"column":39}},"8":{"start":{"line":9,"column":0},"end":{"line":11,"column":3}},"9":{"start":{"line":10,"column":4},"end":{"line":10,"column":74}},"10":{"start":{"line":12,"column":0},"end":{"line":12,"column":34}},"11":{"start":{"line":13,"column":0},"end":{"line":13,"column":47}},"12":{"start":{"line":14,"column":0},"end":{"line":14,"column":40}},"13":{"start":{"line":15,"column":0},"end":{"line":15,"column":40}},"14":{"start":{"line":16,"column":0},"end":{"line":16,"column":42}},"15":{"start":{"line":17,"column":0},"end":{"line":17,"column":40}},"16":{"start":{"line":19,"column":0},"end":{"line":19,"column":16}}},"fnMap":{"0":{"name":"(anonymous_1)","decl":{"start":{"line":9,"column":16},"end":{"line":9,"column":17}},"loc":{"start":{"line":9,"column":50},"end":{"line":11,"column":1}}}},"branchMap":{},"s":{"0":0,"1":0,"2":0,"3":0,"4":0,"5":0,"6":0,"7":0,"8":0,"9":0,"10":0,"11":0,"12":0,"13":0,"14":0,"15":0,"16":0},"f":{"0":0},"b":{}}
,"/app/src/routes/user.router.ts": {"path":"/app/src/routes/user.router.ts","statementMap":{"0":{"start":{"line":2,"column":0},"end":{"line":2,"column":75}},"1":{"start":{"line":3,"column":0},"end":{"line":3,"column":59}},"2":{"start":{"line":4,"column":0},"end":{"line":4,"column":51}},"3":{"start":{"line":5,"column":0},"end":{"line":5,"column":52}},"4":{"start":{"line":6,"column":0},"end":{"line":6,"column":39}},"5":{"start":{"line":7,"column":16},"end":{"line":7,"column":21}},"6":{"start":{"line":8,"column":23},"end":{"line":8,"column":39}},"7":{"start":{"line":9,"column":0},"end":{"line":16,"column":3}},"8":{"start":{"line":9,"column":103},"end":{"line":16,"column":2}},"9":{"start":{"line":10,"column":4},"end":{"line":15,"column":null}},"10":{"start":{"line":11,"column":23},"end":{"line":11,"column":87}},"11":{"start":{"line":12,"column":8},"end":{"line":12,"column":107}},"12":{"start":{"line":14,"column":8},"end":{"line":14,"column":110}},"13":{"start":{"line":18,"column":0},"end":{"line":28,"column":3}},"14":{"start":{"line":18,"column":80},"end":{"line":28,"column":2}},"15":{"start":{"line":19,"column":4},"end":{"line":27,"column":null}},"16":{"start":{"line":20,"column":23},"end":{"line":20,"column":66}},"17":{"start":{"line":21,"column":8},"end":{"line":23,"column":null}},"18":{"start":{"line":22,"column":12},"end":{"line":22,"column":93}},"19":{"start":{"line":24,"column":8},"end":{"line":24,"column":92}},"20":{"start":{"line":26,"column":8},"end":{"line":26,"column":81}},"21":{"start":{"line":30,"column":0},"end":{"line":40,"column":3}},"22":{"start":{"line":30,"column":106},"end":{"line":40,"column":2}},"23":{"start":{"line":31,"column":4},"end":{"line":39,"column":null}},"24":{"start":{"line":32,"column":23},"end":{"line":32,"column":90}},"25":{"start":{"line":33,"column":8},"end":{"line":35,"column":null}},"26":{"start":{"line":34,"column":12},"end":{"line":34,"column":93}},"27":{"start":{"line":36,"column":8},"end":{"line":36,"column":92}},"28":{"start":{"line":38,"column":8},"end":{"line":38,"column":81}},"29":{"start":{"line":41,"column":0},"end":{"line":41,"column":16}}},"fnMap":{"0":{"name":"(anonymous_8)","decl":{"start":{"line":9,"column":48},"end":{"line":9,"column":55}},"loc":{"start":{"line":9,"column":103},"end":{"line":16,"column":2}}},"1":{"name":"(anonymous_9)","decl":{"start":{"line":9,"column":103},"end":{"line":9,"column":null}},"loc":{"start":{"line":9,"column":103},"end":{"line":16,"column":1}}},"2":{"name":"(anonymous_10)","decl":{"start":{"line":18,"column":22},"end":{"line":18,"column":29}},"loc":{"start":{"line":18,"column":80},"end":{"line":28,"column":2}}},"3":{"name":"(anonymous_11)","decl":{"start":{"line":18,"column":80},"end":{"line":18,"column":null}},"loc":{"start":{"line":18,"column":80},"end":{"line":28,"column":1}}},"4":{"name":"(anonymous_12)","decl":{"start":{"line":30,"column":51},"end":{"line":30,"column":58}},"loc":{"start":{"line":30,"column":106},"end":{"line":40,"column":2}}},"5":{"name":"(anonymous_13)","decl":{"start":{"line":30,"column":106},"end":{"line":30,"column":null}},"loc":{"start":{"line":30,"column":106},"end":{"line":40,"column":1}}}},"branchMap":{"0":{"loc":{"start":{"line":21,"column":8},"end":{"line":23,"column":null}},"type":"if","locations":[{"start":{"line":21,"column":8},"end":{"line":23,"column":null}}]},"1":{"loc":{"start":{"line":33,"column":8},"end":{"line":35,"column":null}},"type":"if","locations":[{"start":{"line":33,"column":8},"end":{"line":35,"column":null}}]}},"s":{"0":0,"1":0,"2":0,"3":0,"4":0,"5":0,"6":0,"7":0,"8":0,"9":0,"10":0,"11":0,"12":0,"13":0,"14":0,"15":0,"16":0,"17":0,"18":0,"19":0,"20":0,"21":0,"22":0,"23":0,"24":0,"25":0,"26":0,"27":0,"28":0,"29":0},"f":{"0":0,"1":0,"2":0,"3":0,"4":0,"5":0},"b":{"0":[0],"1":[0]}}
,"/app/src/services/email/email.service.ts": {"path":"/app/src/services/email/email.service.ts","statementMap":{"0":{"start":{"line":1,"column":0},"end":{"line":9,"column":null}},"1":{"start":{"line":3,"column":8},"end":{"line":7,"column":null}},"2":{"start":{"line":6,"column":12},"end":{"line":6,"column":24}}},"fnMap":{"0":{"name":"(anonymous_0)","decl":{"start":{"line":2,"column":16},"end":{"line":2,"column":25}},"loc":{"start":{"line":2,"column":27},"end":{"line":8,"column":5}}}},"branchMap":{},"s":{"0":0,"1":0,"2":0},"f":{"0":0},"b":{}}
,"/app/src/services/email/index.ts": {"path":"/app/src/services/email/index.ts","statementMap":{"0":{"start":{"line":1,"column":0},"end":{"line":1,"column":9}},"1":{"start":{"line":1,"column":9},"end":{"line":1,"column":42}}},"fnMap":{"0":{"name":"(anonymous_1)","decl":{"start":{"line":1,"column":9},"end":{"line":1,"column":16}},"loc":{"start":{"line":1,"column":9},"end":{"line":1,"column":42}}}},"branchMap":{},"s":{"0":0,"1":0},"f":{"0":0},"b":{}}
,"/app/src/socket/index.ts": {"path":"/app/src/socket/index.ts","statementMap":{"0":{"start":{"line":1,"column":0},"end":{"line":1,"column":9}},"1":{"start":{"line":1,"column":9},"end":{"line":1,"column":35}}},"fnMap":{"0":{"name":"(anonymous_1)","decl":{"start":{"line":1,"column":9},"end":{"line":1,"column":16}},"loc":{"start":{"line":1,"column":9},"end":{"line":1,"column":35}}}},"branchMap":{},"s":{"0":0,"1":0},"f":{"0":0},"b":{}}
,"/app/src/socket/socket.room.ts": {"path":"/app/src/socket/socket.room.ts","statementMap":{"0":{"start":{"line":3,"column":0},"end":{"line":3,"column":50}},"1":{"start":{"line":5,"column":0},"end":{"line":5,"column":30}},"2":{"start":{"line":10,"column":0},"end":{"line":68,"column":null}},"3":{"start":{"line":11,"column":23},"end":{"line":11,"column":55}},"4":{"start":{"line":15,"column":4},"end":{"line":66,"column":null}},"5":{"start":{"line":15,"column":63},"end":{"line":66,"column":6}},"6":{"start":{"line":16,"column":60},"end":{"line":16,"column":72}},"7":{"start":{"line":18,"column":32},"end":{"line":18,"column":85}},"8":{"start":{"line":19,"column":30},"end":{"line":19,"column":81}},"9":{"start":{"line":20,"column":8},"end":{"line":20,"column":137}},"10":{"start":{"line":21,"column":24},"end":{"line":31,"column":null}},"11":{"start":{"line":44,"column":8},"end":{"line":65,"column":10}},"12":{"start":{"line":55,"column":16},"end":{"line":58,"column":null}},"13":{"start":{"line":56,"column":20},"end":{"line":56,"column":52}},"14":{"start":{"line":57,"column":20},"end":{"line":57,"column":88}}},"fnMap":{"0":{"name":"(anonymous_8)","decl":{"start":{"line":10,"column":15},"end":{"line":10,"column":16}},"loc":{"start":{"line":10,"column":63},"end":{"line":68,"column":1}}},"1":{"name":"(anonymous_9)","decl":{"start":{"line":15,"column":30},"end":{"line":15,"column":37}},"loc":{"start":{"line":15,"column":63},"end":{"line":66,"column":6}}},"2":{"name":"(anonymous_10)","decl":{"start":{"line":15,"column":63},"end":{"line":15,"column":null}},"loc":{"start":{"line":15,"column":63},"end":{"line":66,"column":5}}},"3":{"name":"(anonymous_11)","decl":{"start":{"line":53,"column":12},"end":{"line":53,"column":28}},"loc":{"start":{"line":53,"column":49},"end":{"line":64,"column":null}}}},"branchMap":{"0":{"loc":{"start":{"line":55,"column":16},"end":{"line":58,"column":null}},"type":"if","locations":[{"start":{"line":55,"column":16},"end":{"line":58,"column":null}}]}},"s":{"0":0,"1":0,"2":0,"3":0,"4":0,"5":0,"6":0,"7":0,"8":0,"9":0,"10":0,"11":0,"12":0,"13":0,"14":0},"f":{"0":0,"1":0,"2":0,"3":0},"b":{"0":[0]}}
,"/app/src/socket/socket.ts": {"path":"/app/src/socket/socket.ts","statementMap":{"0":{"start":{"line":5,"column":0},"end":{"line":5,"column":51}},"1":{"start":{"line":6,"column":0},"end":{"line":6,"column":50}},"2":{"start":{"line":7,"column":0},"end":{"line":7,"column":39}},"3":{"start":{"line":9,"column":36},"end":{"line":9,"column":38}},"4":{"start":{"line":10,"column":0},"end":{"line":39,"column":null}},"5":{"start":{"line":12,"column":19},"end":{"line":12,"column":47}},"6":{"start":{"line":13,"column":27},"end":{"line":13,"column":53}},"7":{"start":{"line":14,"column":23},"end":{"line":14,"column":40}},"8":{"start":{"line":15,"column":8},"end":{"line":28,"column":null}},"9":{"start":{"line":16,"column":12},"end":{"line":25,"column":null}},"10":{"start":{"line":16,"column":29},"end":{"line":16,"column":30}},"11":{"start":{"line":17,"column":38},"end":{"line":17,"column":55}},"12":{"start":{"line":18,"column":16},"end":{"line":22,"column":19}},"13":{"start":{"line":19,"column":20},"end":{"line":19,"column":67}},"14":{"start":{"line":20,"column":20},"end":{"line":20,"column":null}},"15":{"start":{"line":21,"column":20},"end":{"line":21,"column":69}},"16":{"start":{"line":27,"column":12},"end":{"line":27,"column":null}},"17":{"start":{"line":31,"column":8},"end":{"line":31,"column":20}},"18":{"start":{"line":34,"column":27},"end":{"line":34,"column":67}},"19":{"start":{"line":35,"column":8},"end":{"line":35,"column":26}}},"fnMap":{"0":{"name":"(anonymous_8)","decl":{"start":{"line":11,"column":10},"end":{"line":11,"column":14}},"loc":{"start":{"line":11,"column":33},"end":{"line":29,"column":null}}},"1":{"name":"(anonymous_10)","decl":{"start":{"line":18,"column":50},"end":{"line":18,"column":51}},"loc":{"start":{"line":18,"column":70},"end":{"line":22,"column":17}}},"2":{"name":"(anonymous_11)","decl":{"start":{"line":30,"column":4},"end":{"line":30,"column":15}},"loc":{"start":{"line":30,"column":15},"end":{"line":32,"column":5}}},"3":{"name":"(anonymous_12)","decl":{"start":{"line":33,"column":10},"end":{"line":33,"column":23}},"loc":{"start":{"line":33,"column":23},"end":{"line":37,"column":null}}}},"branchMap":{"0":{"loc":{"start":{"line":15,"column":8},"end":{"line":28,"column":null}},"type":"if","locations":[{"start":{"line":15,"column":8},"end":{"line":28,"column":null}},{"start":{"line":26,"column":15},"end":{"line":28,"column":null}}]}},"s":{"0":0,"1":0,"2":0,"3":0,"4":0,"5":0,"6":0,"7":0,"8":0,"9":0,"10":0,"11":0,"12":0,"13":0,"14":0,"15":0,"16":0,"17":0,"18":0,"19":0},"f":{"0":0,"1":0,"2":0,"3":0},"b":{"0":[0,0]}}
,"/app/src/utils/aws/aws.util.ts": {"path":"/app/src/utils/aws/aws.util.ts","statementMap":{"0":{"start":{"line":1,"column":0},"end":{"line":1,"column":26}},"1":{"start":{"line":2,"column":0},"end":{"line":2,"column":62}},"2":{"start":{"line":3,"column":0},"end":{"line":3,"column":33}},"3":{"start":{"line":4,"column":0},"end":{"line":4,"column":16}},"4":{"start":{"line":5,"column":36},"end":{"line":11,"column":null}},"5":{"start":{"line":12,"column":0},"end":{"line":16,"column":3}},"6":{"start":{"line":18,"column":13},"end":{"line":18,"column":23}},"7":{"start":{"line":19,"column":13},"end":{"line":19,"column":51}}},"fnMap":{},"branchMap":{},"s":{"0":0,"1":0,"2":0,"3":0,"4":0,"5":0,"6":0,"7":0},"f":{},"b":{}}
,"/app/src/utils/logger/logger.util.ts": {"path":"/app/src/utils/logger/logger.util.ts","statementMap":{"0":{"start":{"line":1,"column":0},"end":{"line":1,"column":35}},"1":{"start":{"line":2,"column":0},"end":{"line":2,"column":33}},"2":{"start":{"line":3,"column":0},"end":{"line":3,"column":16}},"3":{"start":{"line":4,"column":15},"end":{"line":20,"column":2}},"4":{"start":{"line":22,"column":0},"end":{"line":22,"column":22}}},"fnMap":{},"branchMap":{},"s":{"0":0,"1":0,"2":0,"3":0,"4":0},"f":{},"b":{}}
,"/app/src/utils/mongodb/mongodb.util.ts": {"path":"/app/src/utils/mongodb/mongodb.util.ts","statementMap":{"0":{"start":{"line":2,"column":0},"end":{"line":2,"column":43}},"1":{"start":{"line":3,"column":0},"end":{"line":3,"column":33}},"2":{"start":{"line":5,"column":0},"end":{"line":5,"column":32}},"3":{"start":{"line":6,"column":0},"end":{"line":6,"column":16}},"4":{"start":{"line":7,"column":0},"end":{"line":7,"column":34}},"5":{"start":{"line":8,"column":19},"end":{"line":19,"column":2}},"6":{"start":{"line":21,"column":0},"end":{"line":29,"column":7}},"7":{"start":{"line":23,"column":8},"end":{"line":23,"column":57}},"8":{"start":{"line":24,"column":8},"end":{"line":24,"column":57}},"9":{"start":{"line":27,"column":8},"end":{"line":27,"column":73}},"10":{"start":{"line":28,"column":8},"end":{"line":28,"column":72}},"11":{"start":{"line":31,"column":0},"end":{"line":31,"column":20}}},"fnMap":{"0":{"name":"(anonymous_7)","decl":{"start":{"line":22,"column":10},"end":{"line":22,"column":11}},"loc":{"start":{"line":22,"column":17},"end":{"line":25,"column":5}}},"1":{"name":"(anonymous_8)","decl":{"start":{"line":26,"column":11},"end":{"line":26,"column":12}},"loc":{"start":{"line":26,"column":19},"end":{"line":29,"column":5}}}},"branchMap":{},"s":{"0":0,"1":0,"2":0,"3":0,"4":0,"5":0,"6":0,"7":0,"8":0,"9":0,"10":0,"11":0},"f":{"0":0,"1":0},"b":{}}
,"/app/src/utils/multer/multer.util.ts": {"path":"/app/src/utils/multer/multer.util.ts","statementMap":{"0":{"start":{"line":4,"column":0},"end":{"line":4,"column":52}},"1":{"start":{"line":6,"column":0},"end":{"line":6,"column":44}},"2":{"start":{"line":7,"column":0},"end":{"line":7,"column":33}},"3":{"start":{"line":8,"column":0},"end":{"line":8,"column":33}},"4":{"start":{"line":9,"column":0},"end":{"line":9,"column":16}},"5":{"start":{"line":10,"column":16},"end":{"line":19,"column":2}},"6":{"start":{"line":14,"column":8},"end":{"line":14,"column":50}},"7":{"start":{"line":17,"column":8},"end":{"line":17,"column":null}},"8":{"start":{"line":20,"column":19},"end":{"line":34,"column":1}},"9":{"start":{"line":25,"column":4},"end":{"line":33,"column":null}},"10":{"start":{"line":30,"column":8},"end":{"line":30,"column":null}},"11":{"start":{"line":32,"column":8},"end":{"line":32,"column":null}},"12":{"start":{"line":35,"column":22},"end":{"line":38,"column":20}},"13":{"start":{"line":39,"column":0},"end":{"line":39,"column":29}}},"fnMap":{"0":{"name":"(anonymous_7)","decl":{"start":{"line":13,"column":14},"end":{"line":13,"column":24}},"loc":{"start":{"line":13,"column":104},"end":{"line":15,"column":5}}},"1":{"name":"(anonymous_8)","decl":{"start":{"line":16,"column":9},"end":{"line":16,"column":19}},"loc":{"start":{"line":16,"column":82},"end":{"line":18,"column":5}}},"2":{"name":"(anonymous_9)","decl":{"start":{"line":20,"column":19},"end":{"line":20,"column":null}},"loc":{"start":{"line":24,"column":10},"end":{"line":34,"column":1}}}},"branchMap":{"0":{"loc":{"start":{"line":25,"column":4},"end":{"line":33,"column":null}},"type":"if","locations":[{"start":{"line":25,"column":4},"end":{"line":33,"column":null}},{"start":{"line":31,"column":11},"end":{"line":33,"column":null}}]},"1":{"loc":{"start":{"line":26,"column":8},"end":{"line":28,"column":38}},"type":"binary-expr","locations":[{"start":{"line":26,"column":8},"end":{"line":26,"column":37}},{"start":{"line":27,"column":8},"end":{"line":27,"column":37}},{"start":{"line":28,"column":8},"end":{"line":28,"column":38}}]}},"s":{"0":0,"1":0,"2":0,"3":0,"4":0,"5":0,"6":0,"7":0,"8":0,"9":0,"10":0,"11":0,"12":0,"13":0},"f":{"0":0,"1":0,"2":0},"b":{"0":[0,0],"1":[0,0,0]}}
}
